#
# There is insufficient memory for the Java Runtime Environment to continue.
# Native memory allocation (malloc) failed to allocate 32744 bytes for ChunkPool::allocate
# Possible reasons:
#   The system is out of physical RAM or swap space
#   The process is running with CompressedOops enabled, and the Java Heap may be blocking the growth of the native heap
# Possible solutions:
#   Reduce memory load on the system
#   Increase physical memory or swap space
#   Check if swap backing store is full
#   Decrease Java heap size (-Xmx/-Xms)
#   Decrease number of Java threads
#   Decrease Java thread stack sizes (-Xss)
#   Set larger code cache with -XX:ReservedCodeCacheSize=
#   JVM is running with Unscaled Compressed Oops mode in which the Java heap is
#     placed in the first 4GB address space. The Java Heap base address is the
#     maximum limit for the native heap growth. Please use -XX:HeapBaseMinAddress
#     to set the Java Heap base and to place the Java Heap above 4GB virtual address.
# This output file may be truncated or incomplete.
#
#  Out of Memory Error (t:/workspace/open/src/hotspot/share/memory/arena.cpp:80), pid=18648, tid=8612
#
# JRE version: OpenJDK Runtime Environment (13.0.2+8) (build 13.0.2+8)
# Java VM: OpenJDK 64-Bit Server VM (13.0.2+8, mixed mode, sharing, tiered, compressed oops, g1 gc, windows-amd64)
# No core dump will be written. Minidumps are not enabled by default on client versions of Windows
#

---------------  S U M M A R Y ------------

Command Line: --add-opens=java.base/java.util=ALL-UNNAMED --add-opens=java.base/java.lang=ALL-UNNAMED --add-opens=java.base/java.lang.invoke=ALL-UNNAMED --add-opens=java.base/java.util=ALL-UNNAMED --add-opens=java.prefs/java.util.prefs=ALL-UNNAMED --add-opens=java.prefs/java.util.prefs=ALL-UNNAMED --add-opens=java.base/java.nio.charset=ALL-UNNAMED --add-opens=java.base/java.net=ALL-UNNAMED --add-opens=java.base/java.util.concurrent.atomic=ALL-UNNAMED -Xmx2048m -Dfile.encoding=UTF-8 -Duser.country=ID -Duser.language=en -Duser.variant org.gradle.launcher.daemon.bootstrap.GradleDaemon 7.0.2

Host: Intel(R) Core(TM) i3-7020U CPU @ 2.30GHz, 4 cores, 3G,  Windows 10 , 64 bit Build 19041 (10.0.19041.1503)
Time: Tue Mar  8 21:44:36 2022 SE Asia Standard Time elapsed time: 15 seconds (0d 0h 0m 15s)

---------------  T H R E A D  ---------------

Current thread (0x00000252d6299800):  JavaThread "C2 CompilerThread0" daemon [_thread_in_native, id=8612, stack(0x000000545ba00000,0x000000545bb00000)]


Current CompileTask:
C2:  15527 3495   !   4       java.net.URLClassLoader::findClass (47 bytes)

Stack: [0x000000545ba00000,0x000000545bb00000]
Native frames: (J=compiled Java code, j=interpreted, Vv=VM code, C=native code)
V  [jvm.dll+0x624f9a]
V  [jvm.dll+0x770cfa]
V  [jvm.dll+0x7724af]
V  [jvm.dll+0x772ab3]
V  [jvm.dll+0x24bf08]
V  [jvm.dll+0xc2076]
V  [jvm.dll+0xc23cc]
V  [jvm.dll+0xc1f2d]
V  [jvm.dll+0x60763f]
V  [jvm.dll+0x656aed]
V  [jvm.dll+0x19f3bc]
V  [jvm.dll+0x205d36]
V  [jvm.dll+0x204e3f]
V  [jvm.dll+0x189c2c]
V  [jvm.dll+0x213e6d]
V  [jvm.dll+0x2120bb]
V  [jvm.dll+0x736bb6]
V  [jvm.dll+0x72fcaa]
V  [jvm.dll+0x623ea6]
C  [ucrtbase.dll+0x21bb2]
C  [KERNEL32.DLL+0x17034]
C  [ntdll.dll+0x52651]


---------------  P R O C E S S  ---------------

Threads class SMR info:
_java_thread_list=0x00000252d8a66ef0, length=34, elements={
0x00000252b7bbd800, 0x00000252d627a800, 0x00000252d627c800, 0x00000252d6292800,
0x00000252d6294800, 0x00000252d6299800, 0x00000252d629d800, 0x00000252d62c9800,
0x00000252d6cd0000, 0x00000252d6cdb000, 0x00000252d7cff000, 0x00000252d8ae0800,
0x00000252d8279000, 0x00000252d875d800, 0x00000252d875e000, 0x00000252d875f000,
0x00000252d86ae000, 0x00000252d715e800, 0x00000252d715f000, 0x00000252d89f9000,
0x00000252d6de3800, 0x00000252d6de4800, 0x00000252d6de1000, 0x00000252d6de0000,
0x00000252d6de5000, 0x00000252d6de2000, 0x00000252d6de6800, 0x00000252d6de6000,
0x00000252d6de2800, 0x00000252d8d57000, 0x00000252d8d54800, 0x00000252d8d53800,
0x00000252d8d55800, 0x00000252d8d56000
}

Java Threads: ( => current thread )
  0x00000252b7bbd800 JavaThread "main" [_thread_blocked, id=7784, stack(0x000000545af00000,0x000000545b000000)]
  0x00000252d627a800 JavaThread "Reference Handler" daemon [_thread_blocked, id=15860, stack(0x000000545b600000,0x000000545b700000)]
  0x00000252d627c800 JavaThread "Finalizer" daemon [_thread_blocked, id=2124, stack(0x000000545b700000,0x000000545b800000)]
  0x00000252d6292800 JavaThread "Signal Dispatcher" daemon [_thread_blocked, id=14792, stack(0x000000545b800000,0x000000545b900000)]
  0x00000252d6294800 JavaThread "Attach Listener" daemon [_thread_blocked, id=584, stack(0x000000545b900000,0x000000545ba00000)]
=>0x00000252d6299800 JavaThread "C2 CompilerThread0" daemon [_thread_in_native, id=8612, stack(0x000000545ba00000,0x000000545bb00000)]
  0x00000252d629d800 JavaThread "C1 CompilerThread0" daemon [_thread_blocked, id=16068, stack(0x000000545bb00000,0x000000545bc00000)]
  0x00000252d62c9800 JavaThread "Sweeper thread" daemon [_thread_blocked, id=7500, stack(0x000000545bc00000,0x000000545bd00000)]
  0x00000252d6cd0000 JavaThread "Common-Cleaner" daemon [_thread_blocked, id=14596, stack(0x000000545bd00000,0x000000545be00000)]
  0x00000252d6cdb000 JavaThread "Service Thread" daemon [_thread_blocked, id=4632, stack(0x000000545be00000,0x000000545bf00000)]
  0x00000252d7cff000 JavaThread "Daemon health stats" [_thread_blocked, id=19740, stack(0x000000545c100000,0x000000545c200000)]
  0x00000252d8ae0800 JavaThread "Incoming local TCP Connector on port 60473" [_thread_in_native, id=18040, stack(0x000000545c400000,0x000000545c500000)]
  0x00000252d8279000 JavaThread "Daemon periodic checks" [_thread_blocked, id=12188, stack(0x000000545c500000,0x000000545c600000)]
  0x00000252d875d800 JavaThread "Daemon" [_thread_blocked, id=3392, stack(0x000000545c600000,0x000000545c700000)]
  0x00000252d875e000 JavaThread "Handler for socket connection from /127.0.0.1:60473 to /127.0.0.1:60474" [_thread_in_native, id=15140, stack(0x000000545c700000,0x000000545c800000)]
  0x00000252d875f000 JavaThread "Cancel handler" [_thread_blocked, id=13296, stack(0x000000545c800000,0x000000545c900000)]
  0x00000252d86ae000 JavaThread "Daemon worker" [_thread_in_vm, id=3844, stack(0x000000545c900000,0x000000545ca00000)]
  0x00000252d715e800 JavaThread "Asynchronous log dispatcher for DefaultDaemonConnection: socket connection from /127.0.0.1:60473 to /127.0.0.1:60474" [_thread_blocked, id=12544, stack(0x000000545ca00000,0x000000545cb00000)]
  0x00000252d715f000 JavaThread "Stdin handler" [_thread_blocked, id=14648, stack(0x000000545cb00000,0x000000545cc00000)]
  0x00000252d89f9000 JavaThread "Daemon client event forwarder" [_thread_blocked, id=7836, stack(0x000000545cc00000,0x000000545cd00000)]
  0x00000252d6de3800 JavaThread "Cache worker for file hash cache (C:\Users\ASUS\.gradle\caches\7.0.2\fileHashes)" [_thread_blocked, id=1440, stack(0x000000545cd00000,0x000000545ce00000)]
  0x00000252d6de4800 JavaThread "File lock request listener" [_thread_in_native, id=18640, stack(0x000000545ce00000,0x000000545cf00000)]
  0x00000252d6de1000 JavaThread "Cache worker for journal cache (C:\Users\ASUS\.gradle\caches\journal-1)" [_thread_blocked, id=13828, stack(0x000000545cf00000,0x000000545d000000)]
  0x00000252d6de0000 JavaThread "Cache worker for file hash cache (C:\Users\ASUS\AndroidStudioProjects\AplikasiInformasiCovid13Diana\.gradle\7.0.2\fileHashes)" [_thread_blocked, id=908, stack(0x000000545d000000,0x000000545d100000)]
  0x00000252d6de5000 JavaThread "File watcher server" daemon [_thread_in_native, id=3888, stack(0x000000545d100000,0x000000545d200000)]
  0x00000252d6de2000 JavaThread "File watcher consumer" daemon [_thread_blocked, id=4540, stack(0x000000545d200000,0x000000545d300000)]
  0x00000252d6de6800 JavaThread "Cache worker for checksums cache (C:\Users\ASUS\AndroidStudioProjects\AplikasiInformasiCovid13Diana\.gradle\checksums)" [_thread_blocked, id=17512, stack(0x000000545d300000,0x000000545d400000)]
  0x00000252d6de6000 JavaThread "Cache worker for cache directory md-supplier (C:\Users\ASUS\.gradle\caches\7.0.2\md-supplier)" [_thread_blocked, id=3636, stack(0x000000545d400000,0x000000545d500000)]
  0x00000252d6de2800 JavaThread "Cache worker for cache directory md-rule (C:\Users\ASUS\.gradle\caches\7.0.2\md-rule)" [_thread_blocked, id=14236, stack(0x000000545d500000,0x000000545d600000)]
  0x00000252d8d57000 JavaThread "Cache worker for execution history cache (C:\Users\ASUS\.gradle\caches\7.0.2\executionHistory)" [_thread_blocked, id=12140, stack(0x000000545d600000,0x000000545d700000)]
  0x00000252d8d54800 JavaThread "jar transforms" [_thread_blocked, id=20116, stack(0x000000545d700000,0x000000545d800000)]
  0x00000252d8d53800 JavaThread "jar transforms Thread 2" [_thread_blocked, id=6520, stack(0x000000545d800000,0x000000545d900000)]
  0x00000252d8d55800 JavaThread "Cache worker for file content cache (C:\Users\ASUS\.gradle\caches\7.0.2\fileContent)" [_thread_blocked, id=19532, stack(0x000000545d900000,0x000000545da00000)]
  0x00000252d8d56000 JavaThread "Cache worker for dependencies-accessors (C:\Users\ASUS\AndroidStudioProjects\AplikasiInformasiCovid13Diana\.gradle\7.0.2\dependencies-accessors)" [_thread_blocked, id=17632, stack(0x000000545da00000,0x000000545db00000)]

Other Threads:
  0x00000252d6260000 VMThread "VM Thread" [stack: 0x000000545b500000,0x000000545b600000] [id=11916]
  0x00000252d6cdf800 WatcherThread [stack: 0x000000545bf00000,0x000000545c000000] [id=16032]
  0x00000252b7c02800 GCTaskThread "GC Thread#0" [stack: 0x000000545b000000,0x000000545b100000] [id=11196]
  0x00000252d6fe5800 GCTaskThread "GC Thread#1" [stack: 0x000000545c000000,0x000000545c100000] [id=15284]
  0x00000252d8719800 GCTaskThread "GC Thread#2" [stack: 0x000000545c200000,0x000000545c300000] [id=19852]
  0x00000252d7d09000 GCTaskThread "GC Thread#3" [stack: 0x000000545c300000,0x000000545c400000] [id=8804]
  0x00000252b7c14000 ConcurrentGCThread "G1 Main Marker" [stack: 0x000000545b100000,0x000000545b200000] [id=15792]
  0x00000252b7c17800 ConcurrentGCThread "G1 Conc#0" [stack: 0x000000545b200000,0x000000545b300000] [id=4200]
  0x00000252b7c6e000 ConcurrentGCThread "G1 Refine#0" [stack: 0x000000545b300000,0x000000545b400000] [id=12724]
  0x00000252b7c6f000 ConcurrentGCThread "G1 Young RemSet Sampling" [stack: 0x000000545b400000,0x000000545b500000] [id=19212]

Threads with active compile tasks:
C2 CompilerThread0    15699 3495   !   4       java.net.URLClassLoader::findClass (47 bytes)

VM state:not at safepoint (normal execution)

VM Mutex/Monitor currently owned by a thread: None

Heap address: 0x0000000080000000, size: 2048 MB, Compressed Oops mode: 32-bit
Narrow klass base: 0x0000000800000000, Narrow klass shift: 3
Compressed class space size: 1073741824 Address: 0x0000000800b40000

Heap:
 garbage-first heap   total 78848K, used 40352K [0x0000000080000000, 0x0000000100000000)
  region size 1024K, 17 young (17408K), 3 survivors (3072K)
 Metaspace       used 31368K, capacity 32318K, committed 32640K, reserved 1077248K
  class space    used 4340K, capacity 4665K, committed 4736K, reserved 1048576K
Heap Regions: E=young(eden), S=young(survivor), O=old, HS=humongous(starts), HC=humongous(continues), CS=collection set, F=free, A=archive, TAMS=top-at-mark-start (previous, next)
|   0|0x0000000080000000, 0x0000000080100000, 0x0000000080100000|100%| O|  |TAMS 0x0000000080100000, 0x0000000080000000| Untracked 
|   1|0x0000000080100000, 0x0000000080200000, 0x0000000080200000|100%| O|  |TAMS 0x0000000080200000, 0x0000000080100000| Untracked 
|   2|0x0000000080200000, 0x0000000080300000, 0x0000000080300000|100%| O|  |TAMS 0x0000000080300000, 0x0000000080200000| Untracked 
|   3|0x0000000080300000, 0x0000000080400000, 0x0000000080400000|100%|HS|  |TAMS 0x0000000080400000, 0x0000000080300000| Complete 
|   4|0x0000000080400000, 0x0000000080500000, 0x0000000080500000|100%|HC|  |TAMS 0x0000000080500000, 0x0000000080400000| Complete 
|   5|0x0000000080500000, 0x0000000080600000, 0x0000000080600000|100%|HC|  |TAMS 0x0000000080600000, 0x0000000080500000| Complete 
|   6|0x0000000080600000, 0x0000000080700000, 0x0000000080700000|100%| O|  |TAMS 0x0000000080700000, 0x0000000080600000| Untracked 
|   7|0x0000000080700000, 0x0000000080800000, 0x0000000080800000|100%| O|  |TAMS 0x0000000080800000, 0x0000000080700000| Untracked 
|   8|0x0000000080800000, 0x0000000080900000, 0x0000000080900000|100%| O|  |TAMS 0x0000000080900000, 0x0000000080800000| Untracked 
|   9|0x0000000080900000, 0x0000000080a00000, 0x0000000080a00000|100%| O|  |TAMS 0x0000000080a00000, 0x0000000080900000| Untracked 
|  10|0x0000000080a00000, 0x0000000080b00000, 0x0000000080b00000|100%| O|  |TAMS 0x0000000080b00000, 0x0000000080a00000| Untracked 
|  11|0x0000000080b00000, 0x0000000080c00000, 0x0000000080c00000|100%| O|  |TAMS 0x0000000080c00000, 0x0000000080b00000| Untracked 
|  12|0x0000000080c00000, 0x0000000080d00000, 0x0000000080d00000|100%| O|  |TAMS 0x0000000080d00000, 0x0000000080c00000| Untracked 
|  13|0x0000000080d00000, 0x0000000080e00000, 0x0000000080e00000|100%| O|  |TAMS 0x0000000080e00000, 0x0000000080d00000| Untracked 
|  14|0x0000000080e00000, 0x0000000080f00000, 0x0000000080f00000|100%| O|  |TAMS 0x0000000080f00000, 0x0000000080e00000| Untracked 
|  15|0x0000000080f00000, 0x0000000081000000, 0x0000000081000000|100%| O|  |TAMS 0x0000000081000000, 0x0000000080f00000| Untracked 
|  16|0x0000000081000000, 0x0000000081100000, 0x0000000081100000|100%| O|  |TAMS 0x000000008109f600, 0x0000000081000000| Untracked 
|  17|0x0000000081100000, 0x0000000081200000, 0x0000000081200000|100%| O|  |TAMS 0x0000000081100000, 0x0000000081100000| Untracked 
|  18|0x0000000081200000, 0x0000000081300000, 0x0000000081300000|100%| O|  |TAMS 0x0000000081200000, 0x0000000081200000| Untracked 
|  19|0x0000000081300000, 0x0000000081400000, 0x0000000081400000|100%| O|  |TAMS 0x0000000081300000, 0x0000000081300000| Untracked 
|  20|0x0000000081400000, 0x0000000081500000, 0x0000000081500000|100%| O|  |TAMS 0x0000000081400000, 0x0000000081400000| Untracked 
|  21|0x0000000081500000, 0x0000000081600000, 0x0000000081600000|100%| O|  |TAMS 0x0000000081500000, 0x0000000081500000| Untracked 
|  22|0x0000000081600000, 0x0000000081700000, 0x0000000081700000|100%| O|  |TAMS 0x0000000081600000, 0x0000000081600000| Untracked 
|  23|0x0000000081700000, 0x0000000081700000, 0x0000000081800000|  0%| F|  |TAMS 0x0000000081700000, 0x0000000081700000| Untracked 
|  24|0x0000000081800000, 0x0000000081800000, 0x0000000081900000|  0%| F|  |TAMS 0x0000000081800000, 0x0000000081800000| Untracked 
|  25|0x0000000081900000, 0x0000000081900000, 0x0000000081a00000|  0%| F|  |TAMS 0x0000000081900000, 0x0000000081900000| Untracked 
|  26|0x0000000081a00000, 0x0000000081b00000, 0x0000000081b00000|100%| O|  |TAMS 0x0000000081a00000, 0x0000000081a00000| Untracked 
|  27|0x0000000081b00000, 0x0000000081b00000, 0x0000000081c00000|  0%| F|  |TAMS 0x0000000081b00000, 0x0000000081b00000| Untracked 
|  28|0x0000000081c00000, 0x0000000081c00000, 0x0000000081d00000|  0%| F|  |TAMS 0x0000000081c00000, 0x0000000081c00000| Untracked 
|  29|0x0000000081d00000, 0x0000000081d00000, 0x0000000081e00000|  0%| F|  |TAMS 0x0000000081d00000, 0x0000000081d00000| Untracked 
|  30|0x0000000081e00000, 0x0000000081e00000, 0x0000000081f00000|  0%| F|  |TAMS 0x0000000081e00000, 0x0000000081e00000| Untracked 
|  31|0x0000000081f00000, 0x0000000081f00000, 0x0000000082000000|  0%| F|  |TAMS 0x0000000081f00000, 0x0000000081f00000| Untracked 
|  32|0x0000000082000000, 0x0000000082000000, 0x0000000082100000|  0%| F|  |TAMS 0x0000000082000000, 0x0000000082000000| Untracked 
|  33|0x0000000082100000, 0x0000000082100000, 0x0000000082200000|  0%| F|  |TAMS 0x0000000082100000, 0x0000000082100000| Untracked 
|  34|0x0000000082200000, 0x0000000082200000, 0x0000000082300000|  0%| F|  |TAMS 0x0000000082200000, 0x0000000082200000| Untracked 
|  35|0x0000000082300000, 0x0000000082300000, 0x0000000082400000|  0%| F|  |TAMS 0x0000000082300000, 0x0000000082300000| Untracked 
|  36|0x0000000082400000, 0x0000000082400000, 0x0000000082500000|  0%| F|  |TAMS 0x0000000082400000, 0x0000000082400000| Untracked 
|  37|0x0000000082500000, 0x0000000082500000, 0x0000000082600000|  0%| F|  |TAMS 0x0000000082500000, 0x0000000082500000| Untracked 
|  38|0x0000000082600000, 0x0000000082600000, 0x0000000082700000|  0%| F|  |TAMS 0x0000000082600000, 0x0000000082600000| Untracked 
|  39|0x0000000082700000, 0x0000000082700000, 0x0000000082800000|  0%| F|  |TAMS 0x0000000082700000, 0x0000000082700000| Untracked 
|  40|0x0000000082800000, 0x0000000082800000, 0x0000000082900000|  0%| F|  |TAMS 0x0000000082800000, 0x0000000082800000| Untracked 
|  41|0x0000000082900000, 0x0000000082900000, 0x0000000082a00000|  0%| F|  |TAMS 0x0000000082900000, 0x0000000082900000| Untracked 
|  42|0x0000000082a00000, 0x0000000082a00000, 0x0000000082b00000|  0%| F|  |TAMS 0x0000000082a00000, 0x0000000082a00000| Untracked 
|  43|0x0000000082b00000, 0x0000000082b68118, 0x0000000082c00000| 40%| S|CS|TAMS 0x0000000082b00000, 0x0000000082b00000| Complete 
|  44|0x0000000082c00000, 0x0000000082d00000, 0x0000000082d00000|100%| S|CS|TAMS 0x0000000082c00000, 0x0000000082c00000| Complete 
|  45|0x0000000082d00000, 0x0000000082d00000, 0x0000000082e00000|  0%| F|  |TAMS 0x0000000082d00000, 0x0000000082d00000| Untracked 
|  46|0x0000000082e00000, 0x0000000082e00000, 0x0000000082f00000|  0%| F|  |TAMS 0x0000000082e00000, 0x0000000082e00000| Untracked 
|  47|0x0000000082f00000, 0x0000000082f00000, 0x0000000083000000|  0%| F|  |TAMS 0x0000000082f00000, 0x0000000082f00000| Untracked 
|  48|0x0000000083000000, 0x0000000083000000, 0x0000000083100000|  0%| F|  |TAMS 0x0000000083000000, 0x0000000083000000| Untracked 
|  49|0x0000000083100000, 0x0000000083200000, 0x0000000083200000|100%| S|CS|TAMS 0x0000000083100000, 0x0000000083100000| Complete 
|  50|0x0000000083200000, 0x0000000083200000, 0x0000000083300000|  0%| F|  |TAMS 0x0000000083200000, 0x0000000083200000| Untracked 
|  51|0x0000000083300000, 0x0000000083300000, 0x0000000083400000|  0%| F|  |TAMS 0x0000000083300000, 0x0000000083300000| Untracked 
|  52|0x0000000083400000, 0x0000000083400000, 0x0000000083500000|  0%| F|  |TAMS 0x0000000083400000, 0x0000000083400000| Untracked 
|  53|0x0000000083500000, 0x0000000083500000, 0x0000000083600000|  0%| F|  |TAMS 0x0000000083500000, 0x0000000083500000| Untracked 
|  54|0x0000000083600000, 0x0000000083600000, 0x0000000083700000|  0%| F|  |TAMS 0x0000000083600000, 0x0000000083600000| Untracked 
|  55|0x0000000083700000, 0x0000000083700000, 0x0000000083800000|  0%| F|  |TAMS 0x0000000083700000, 0x0000000083700000| Untracked 
|  56|0x0000000083800000, 0x0000000083800000, 0x0000000083900000|  0%| F|  |TAMS 0x0000000083800000, 0x0000000083800000| Untracked 
|  57|0x0000000083900000, 0x0000000083900000, 0x0000000083a00000|  0%| F|  |TAMS 0x0000000083900000, 0x0000000083900000| Untracked 
|  58|0x0000000083a00000, 0x0000000083a00000, 0x0000000083b00000|  0%| F|  |TAMS 0x0000000083a00000, 0x0000000083a00000| Untracked 
|  59|0x0000000083b00000, 0x0000000083b00000, 0x0000000083c00000|  0%| F|  |TAMS 0x0000000083b00000, 0x0000000083b00000| Untracked 
|  60|0x0000000083c00000, 0x0000000083c00000, 0x0000000083d00000|  0%| F|  |TAMS 0x0000000083c00000, 0x0000000083c00000| Untracked 
|  61|0x0000000083d00000, 0x0000000083d00000, 0x0000000083e00000|  0%| F|  |TAMS 0x0000000083d00000, 0x0000000083d00000| Untracked 
|  62|0x0000000083e00000, 0x0000000083e00000, 0x0000000083f00000|  0%| F|  |TAMS 0x0000000083e00000, 0x0000000083e00000| Untracked 
|  63|0x0000000083f00000, 0x0000000083fa4de8, 0x0000000084000000| 64%| E|  |TAMS 0x0000000083f00000, 0x0000000083f00000| Complete 
|  64|0x0000000084000000, 0x0000000084100000, 0x0000000084100000|100%| E|CS|TAMS 0x0000000084000000, 0x0000000084000000| Complete 
|  65|0x0000000084100000, 0x0000000084200000, 0x0000000084200000|100%| E|CS|TAMS 0x0000000084100000, 0x0000000084100000| Complete 
|  66|0x0000000084200000, 0x0000000084300000, 0x0000000084300000|100%| E|CS|TAMS 0x0000000084200000, 0x0000000084200000| Complete 
|  67|0x0000000084300000, 0x0000000084400000, 0x0000000084400000|100%| E|CS|TAMS 0x0000000084300000, 0x0000000084300000| Complete 
|  68|0x0000000084400000, 0x0000000084500000, 0x0000000084500000|100%| E|CS|TAMS 0x0000000084400000, 0x0000000084400000| Complete 
|  69|0x0000000084500000, 0x0000000084600000, 0x0000000084600000|100%| E|CS|TAMS 0x0000000084500000, 0x0000000084500000| Complete 
|  70|0x0000000084600000, 0x0000000084700000, 0x0000000084700000|100%| E|CS|TAMS 0x0000000084600000, 0x0000000084600000| Complete 
|  71|0x0000000084700000, 0x0000000084800000, 0x0000000084800000|100%| E|CS|TAMS 0x0000000084700000, 0x0000000084700000| Complete 
|  72|0x0000000084800000, 0x0000000084900000, 0x0000000084900000|100%| E|CS|TAMS 0x0000000084800000, 0x0000000084800000| Complete 
|  73|0x0000000084900000, 0x0000000084a00000, 0x0000000084a00000|100%| E|CS|TAMS 0x0000000084900000, 0x0000000084900000| Complete 
|  74|0x0000000084a00000, 0x0000000084b00000, 0x0000000084b00000|100%| E|CS|TAMS 0x0000000084a00000, 0x0000000084a00000| Complete 
|  75|0x0000000084b00000, 0x0000000084c00000, 0x0000000084c00000|100%| E|CS|TAMS 0x0000000084b00000, 0x0000000084b00000| Complete 
|  76|0x0000000084c00000, 0x0000000084d00000, 0x0000000084d00000|100%| E|CS|TAMS 0x0000000084c00000, 0x0000000084c00000| Complete 

Card table byte_map: [0x00000252cf4d0000,0x00000252cf8d0000] _byte_map_base: 0x00000252cf0d0000

Marking Bits (Prev, Next): (CMBitMap*) 0x00000252b7c03278, (CMBitMap*) 0x00000252b7c03238
 Prev Bits: [0x00000252d1cd0000, 0x00000252d3cd0000)
 Next Bits: [0x00000252cfcd0000, 0x00000252d1cd0000)

Polling page: 0x00000252b5d50000

Metaspace:

Usage:
  Non-class:     27.00 MB capacity,    26.39 MB ( 98%) used,   544.43 KB (  2%) free+waste,    81.50 KB ( <1%) overhead. 
      Class:      4.56 MB capacity,     4.24 MB ( 93%) used,   282.93 KB (  6%) free+waste,    41.13 KB ( <1%) overhead. 
       Both:     31.56 MB capacity,    30.63 MB ( 97%) used,   827.36 KB (  3%) free+waste,   122.63 KB ( <1%) overhead. 

Virtual space:
  Non-class space:       28.00 MB reserved,      27.25 MB ( 97%) committed 
      Class space:        1.00 GB reserved,       4.63 MB ( <1%) committed 
             Both:        1.03 GB reserved,      31.88 MB (  3%) committed 

Chunk freelists:
   Non-Class:  59.00 KB
       Class:  7.00 KB
        Both:  66.00 KB

MaxMetaspaceSize: 17179869184.00 GB
CompressedClassSpaceSize: 1.00 GB

CodeHeap 'non-profiled nmethods': size=120000Kb used=1539Kb max_used=1539Kb free=118460Kb
 bounds [0x00000252c7ba0000, 0x00000252c7e10000, 0x00000252cf0d0000]
CodeHeap 'profiled nmethods': size=120000Kb used=7481Kb max_used=7481Kb free=112518Kb
 bounds [0x00000252c0670000, 0x00000252c0dc0000, 0x00000252c7ba0000]
CodeHeap 'non-nmethods': size=5760Kb used=2308Kb max_used=2326Kb free=3451Kb
 bounds [0x00000252c00d0000, 0x00000252c0340000, 0x00000252c0670000]
 total_blobs=5366 nmethods=3330 adapters=676
 compilation: enabled
              stopped_count=0, restarted_count=0
 full_count=0

Compilation events (20 events):
Event: 15.381 Thread 0x00000252d629d800 3599       1       com.google.common.collect.LinkedHashMultimap$ValueSet::setPredecessorInValueSet (6 bytes)
Event: 15.381 Thread 0x00000252d629d800 nmethod 3599 0x00000252c7d20510 code [0x00000252c7d206a0, 0x00000252c7d20818]
Event: 15.381 Thread 0x00000252d629d800 3600       1       com.google.common.collect.LinkedHashMultimap$ValueEntry::getPredecessorInMultimap (5 bytes)
Event: 15.382 Thread 0x00000252d629d800 nmethod 3600 0x00000252c7d20890 code [0x00000252c7d20a20, 0x00000252c7d20b58]
Event: 15.382 Thread 0x00000252d629d800 3601       3       org.objectweb.asm.Type::getSort (19 bytes)
Event: 15.382 Thread 0x00000252d629d800 nmethod 3601 0x00000252c0dbb590 code [0x00000252c0dbb740, 0x00000252c0dbb918]
Event: 15.384 Thread 0x00000252d629d800 3602       3       com.google.common.collect.AbstractMapBasedMultimap$WrappedCollection$WrappedIterator::validateIterator (30 bytes)
Event: 15.385 Thread 0x00000252d629d800 nmethod 3602 0x00000252c0dbb990 code [0x00000252c0dbbb60, 0x00000252c0dbbee0]
Event: 15.385 Thread 0x00000252d629d800 3603       3       com.google.common.collect.LinkedHashMultimap$ValueSet$1::hasNext (21 bytes)
Event: 15.385 Thread 0x00000252d629d800 nmethod 3603 0x00000252c0dbc010 code [0x00000252c0dbc1e0, 0x00000252c0dbc550]
Event: 15.385 Thread 0x00000252d629d800 3604       3       com.google.common.collect.LinkedHashMultimap$ValueSet$1::checkForComodification (23 bytes)
Event: 15.385 Thread 0x00000252d629d800 nmethod 3604 0x00000252c0dbc690 code [0x00000252c0dbc840, 0x00000252c0dbcaf0]
Event: 15.385 Thread 0x00000252d629d800 3605       1       java.lang.reflect.Constructor::getSignature (5 bytes)
Event: 15.385 Thread 0x00000252d629d800 nmethod 3605 0x00000252c7d20c10 code [0x00000252c7d20da0, 0x00000252c7d20ed8]
Event: 15.388 Thread 0x00000252d629d800 3606       3       com.google.common.collect.CollectPreconditions::checkNonnegative (37 bytes)
Event: 15.389 Thread 0x00000252d629d800 nmethod 3606 0x00000252c0dbcc10 code [0x00000252c0dbce80, 0x00000252c0dbd810]
Event: 15.397 Thread 0x00000252d629d800 3607       3       jdk.internal.loader.AbstractClassLoaderValue::extractValue (17 bytes)
Event: 15.397 Thread 0x00000252d629d800 nmethod 3607 0x00000252c0dbdb90 code [0x00000252c0dbdd60, 0x00000252c0dbe190]
Event: 15.419 Thread 0x00000252d629d800 3608       3       org.gradle.internal.service.DefaultServiceRegistry$FactoryService::<init> (7 bytes)
Event: 15.420 Thread 0x00000252d629d800 nmethod 3608 0x00000252c0dbe290 code [0x00000252c0dbe4c0, 0x00000252c0dbedb0]

GC Heap History (20 events):
Event: 3.107 GC heap before
{Heap before GC invocations=1 (full 0):
 garbage-first heap   total 65536K, used 42488K [0x0000000080000000, 0x0000000100000000)
  region size 1024K, 35 young (35840K), 2 survivors (2048K)
 Metaspace       used 4189K, capacity 6769K, committed 7040K, reserved 1056768K
  class space    used 524K, capacity 812K, committed 896K, reserved 1048576K
}
Event: 3.119 GC heap after
{Heap after GC invocations=2 (full 0):
 garbage-first heap   total 65536K, used 10123K [0x0000000080000000, 0x0000000100000000)
  region size 1024K, 4 young (4096K), 4 survivors (4096K)
 Metaspace       used 4189K, capacity 6769K, committed 7040K, reserved 1056768K
  class space    used 524K, capacity 812K, committed 896K, reserved 1048576K
}
Event: 3.928 GC heap before
{Heap before GC invocations=2 (full 0):
 garbage-first heap   total 65536K, used 40843K [0x0000000080000000, 0x0000000100000000)
  region size 1024K, 34 young (34816K), 4 survivors (4096K)
 Metaspace       used 6157K, capacity 7931K, committed 8064K, reserved 1056768K
  class space    used 844K, capacity 1054K, committed 1152K, reserved 1048576K
}
Event: 3.944 GC heap after
{Heap after GC invocations=3 (full 0):
 garbage-first heap   total 65536K, used 15541K [0x0000000080000000, 0x0000000100000000)
  region size 1024K, 5 young (5120K), 5 survivors (5120K)
 Metaspace       used 6157K, capacity 7931K, committed 8064K, reserved 1056768K
  class space    used 844K, capacity 1054K, committed 1152K, reserved 1048576K
}
Event: 6.051 GC heap before
{Heap before GC invocations=3 (full 0):
 garbage-first heap   total 65536K, used 43189K [0x0000000080000000, 0x0000000100000000)
  region size 1024K, 32 young (32768K), 5 survivors (5120K)
 Metaspace       used 10979K, capacity 11416K, committed 11520K, reserved 1058816K
  class space    used 1565K, capacity 1695K, committed 1792K, reserved 1048576K
}
Event: 6.058 GC heap after
{Heap after GC invocations=4 (full 0):
 garbage-first heap   total 65536K, used 17152K [0x0000000080000000, 0x0000000100000000)
  region size 1024K, 2 young (2048K), 2 survivors (2048K)
 Metaspace       used 10979K, capacity 11416K, committed 11520K, reserved 1058816K
  class space    used 1565K, capacity 1695K, committed 1792K, reserved 1048576K
}
Event: 7.026 GC heap before
{Heap before GC invocations=4 (full 0):
 garbage-first heap   total 65536K, used 43776K [0x0000000080000000, 0x0000000100000000)
  region size 1024K, 29 young (29696K), 2 survivors (2048K)
 Metaspace       used 14036K, capacity 14587K, committed 14848K, reserved 1062912K
  class space    used 2049K, capacity 2228K, committed 2304K, reserved 1048576K
}
Event: 7.031 GC heap after
{Heap after GC invocations=5 (full 0):
 garbage-first heap   total 65536K, used 18013K [0x0000000080000000, 0x0000000100000000)
  region size 1024K, 3 young (3072K), 3 survivors (3072K)
 Metaspace       used 14036K, capacity 14587K, committed 14848K, reserved 1062912K
  class space    used 2049K, capacity 2228K, committed 2304K, reserved 1048576K
}
Event: 7.996 GC heap before
{Heap before GC invocations=5 (full 0):
 garbage-first heap   total 65536K, used 46685K [0x0000000080000000, 0x0000000100000000)
  region size 1024K, 31 young (31744K), 3 survivors (3072K)
 Metaspace       used 17001K, capacity 17569K, committed 17920K, reserved 1064960K
  class space    used 2503K, capacity 2713K, committed 2816K, reserved 1048576K
}
Event: 8.004 GC heap after
{Heap after GC invocations=6 (full 0):
 garbage-first heap   total 65536K, used 19171K [0x0000000080000000, 0x0000000100000000)
  region size 1024K, 3 young (3072K), 3 survivors (3072K)
 Metaspace       used 17001K, capacity 17569K, committed 17920K, reserved 1064960K
  class space    used 2503K, capacity 2713K, committed 2816K, reserved 1048576K
}
Event: 9.100 GC heap before
{Heap before GC invocations=6 (full 0):
 garbage-first heap   total 65536K, used 47843K [0x0000000080000000, 0x0000000100000000)
  region size 1024K, 31 young (31744K), 3 survivors (3072K)
 Metaspace       used 19633K, capacity 20319K, committed 20352K, reserved 1067008K
  class space    used 2933K, capacity 3184K, committed 3200K, reserved 1048576K
}
Event: 9.108 GC heap after
{Heap after GC invocations=7 (full 0):
 garbage-first heap   total 65536K, used 20092K [0x0000000080000000, 0x0000000100000000)
  region size 1024K, 3 young (3072K), 3 survivors (3072K)
 Metaspace       used 19633K, capacity 20319K, committed 20352K, reserved 1067008K
  class space    used 2933K, capacity 3184K, committed 3200K, reserved 1048576K
}
Event: 9.475 GC heap before
{Heap before GC invocations=7 (full 0):
 garbage-first heap   total 65536K, used 30332K [0x0000000080000000, 0x0000000100000000)
  region size 1024K, 14 young (14336K), 3 survivors (3072K)
 Metaspace       used 20597K, capacity 21247K, committed 21296K, reserved 1067008K
  class space    used 3075K, capacity 3323K, committed 3328K, reserved 1048576K
}
Event: 9.488 GC heap after
{Heap after GC invocations=8 (full 0):
 garbage-first heap   total 65536K, used 20383K [0x0000000080000000, 0x0000000100000000)
  region size 1024K, 3 young (3072K), 3 survivors (3072K)
 Metaspace       used 20597K, capacity 21247K, committed 21296K, reserved 1067008K
  class space    used 3075K, capacity 3323K, committed 3328K, reserved 1048576K
}
Event: 10.933 GC heap before
{Heap before GC invocations=9 (full 0):
 garbage-first heap   total 65536K, used 42911K [0x0000000080000000, 0x0000000100000000)
  region size 1024K, 26 young (26624K), 3 survivors (3072K)
 Metaspace       used 25873K, capacity 26649K, committed 26880K, reserved 1073152K
  class space    used 3701K, capacity 3975K, committed 4096K, reserved 1048576K
}
Event: 10.944 GC heap after
{Heap after GC invocations=10 (full 0):
 garbage-first heap   total 78848K, used 22683K [0x0000000080000000, 0x0000000100000000)
  region size 1024K, 4 young (4096K), 4 survivors (4096K)
 Metaspace       used 25873K, capacity 26649K, committed 26880K, reserved 1073152K
  class space    used 3701K, capacity 3975K, committed 4096K, reserved 1048576K
}
Event: 11.955 GC heap before
{Heap before GC invocations=10 (full 0):
 garbage-first heap   total 78848K, used 50331K [0x0000000080000000, 0x0000000100000000)
  region size 1024K, 32 young (32768K), 4 survivors (4096K)
 Metaspace       used 27947K, capacity 28771K, committed 28928K, reserved 1073152K
  class space    used 3939K, capacity 4252K, committed 4352K, reserved 1048576K
}
Event: 11.974 GC heap after
{Heap after GC invocations=11 (full 0):
 garbage-first heap   total 78848K, used 25950K [0x0000000080000000, 0x0000000100000000)
  region size 1024K, 4 young (4096K), 4 survivors (4096K)
 Metaspace       used 27947K, capacity 28771K, committed 28928K, reserved 1073152K
  class space    used 3939K, capacity 4252K, committed 4352K, reserved 1048576K
}
Event: 14.065 GC heap before
{Heap before GC invocations=11 (full 0):
 garbage-first heap   total 78848K, used 55646K [0x0000000080000000, 0x0000000100000000)
  region size 1024K, 31 young (31744K), 4 survivors (4096K)
 Metaspace       used 30172K, capacity 31065K, committed 31104K, reserved 1075200K
  class space    used 4151K, capacity 4460K, committed 4480K, reserved 1048576K
}
Event: 14.080 GC heap after
{Heap after GC invocations=12 (full 0):
 garbage-first heap   total 78848K, used 27040K [0x0000000080000000, 0x0000000100000000)
  region size 1024K, 3 young (3072K), 3 survivors (3072K)
 Metaspace       used 30172K, capacity 31065K, committed 31104K, reserved 1075200K
  class space    used 4151K, capacity 4460K, committed 4480K, reserved 1048576K
}

Deoptimization events (20 events):
Event: 14.383 Thread 0x00000252d86ae000 Uncommon trap: trap_request=0xffffffde fr.pc=0x00000252c7d118ec relative=0x000000000000054c
Event: 14.383 Thread 0x00000252d86ae000 Uncommon trap: reason=class_check action=maybe_recompile pc=0x00000252c7d118ec method=java.util.stream.AbstractPipeline.copyIntoWithCancel(Ljava/util/stream/Sink;Ljava/util/Spliterator;)Z @ 32 c2
Event: 14.383 Thread 0x00000252d86ae000 DEOPT PACKING pc=0x00000252c7d118ec sp=0x000000545c9f5250
Event: 14.383 Thread 0x00000252d86ae000 DEOPT UNPACKING pc=0x00000252c011912f sp=0x000000545c9f5180 mode 2
Event: 14.435 Thread 0x00000252d86ae000 Uncommon trap: trap_request=0xffffff45 fr.pc=0x00000252c7cfbe34 relative=0x0000000000000114
Event: 14.435 Thread 0x00000252d86ae000 Uncommon trap: reason=unstable_if action=reinterpret pc=0x00000252c7cfbe34 method=java.util.Arrays.hashCode([Ljava/lang/Object;)I @ 34 c2
Event: 14.435 Thread 0x00000252d86ae000 DEOPT PACKING pc=0x00000252c7cfbe34 sp=0x000000545c9f9930
Event: 14.435 Thread 0x00000252d86ae000 DEOPT UNPACKING pc=0x00000252c011912f sp=0x000000545c9f98a8 mode 2
Event: 14.443 Thread 0x00000252d86ae000 Uncommon trap: trap_request=0xffffffde fr.pc=0x00000252c7c66ffc relative=0x000000000000033c
Event: 14.443 Thread 0x00000252d86ae000 Uncommon trap: reason=class_check action=maybe_recompile pc=0x00000252c7c66ffc method=java.util.Collections$SetFromMap.remove(Ljava/lang/Object;)Z @ 5 c2
Event: 14.443 Thread 0x00000252d86ae000 DEOPT PACKING pc=0x00000252c7c66ffc sp=0x000000545c9fb070
Event: 14.443 Thread 0x00000252d86ae000 DEOPT UNPACKING pc=0x00000252c011912f sp=0x000000545c9fb058 mode 2
Event: 14.443 Thread 0x00000252d86ae000 Uncommon trap: trap_request=0xffffffde fr.pc=0x00000252c7c66ffc relative=0x000000000000033c
Event: 14.443 Thread 0x00000252d86ae000 Uncommon trap: reason=class_check action=maybe_recompile pc=0x00000252c7c66ffc method=java.util.Collections$SetFromMap.remove(Ljava/lang/Object;)Z @ 5 c2
Event: 14.443 Thread 0x00000252d86ae000 DEOPT PACKING pc=0x00000252c7c66ffc sp=0x000000545c9faff0
Event: 14.443 Thread 0x00000252d86ae000 DEOPT UNPACKING pc=0x00000252c011912f sp=0x000000545c9fafd8 mode 2
Event: 14.872 Thread 0x00000252d7cff000 Uncommon trap: trap_request=0xffffffbe fr.pc=0x00000252c7cdaaf0 relative=0x00000000000004f0
Event: 14.872 Thread 0x00000252d7cff000 Uncommon trap: reason=profile_predicate action=maybe_recompile pc=0x00000252c7cdaaf0 method=java.util.stream.ReferencePipeline.forEachWithCancel(Ljava/util/Spliterator;Ljava/util/stream/Sink;)Z @ 8 c2
Event: 14.872 Thread 0x00000252d7cff000 DEOPT PACKING pc=0x00000252c7cdaaf0 sp=0x000000545c1fea80
Event: 14.872 Thread 0x00000252d7cff000 DEOPT UNPACKING pc=0x00000252c011912f sp=0x000000545c1fea20 mode 2

Classes unloaded (0 events):
No events

Classes redefined (0 events):
No events

Internal exceptions (20 events):
Event: 13.551 Thread 0x00000252d86ae000 Exception <a 'java/lang/ClassNotFoundException'{0x0000000083b2de70}: org/gradle/api/internal/provider/AbstractMinimalProviderCustomizer> (0x0000000083b2de70) 
thrown [t:/workspace/open/src/hotspot/share/classfile/systemDictionary.cpp, line 232]
Event: 13.579 Thread 0x00000252d86ae000 Exception <a 'java/lang/ClassNotFoundException'{0x0000000083b6ffe8}: org/gradle/api/internal/provider/AbstractPropertyCustomizer> (0x0000000083b6ffe8) 
thrown [t:/workspace/open/src/hotspot/share/classfile/systemDictionary.cpp, line 232]
Event: 13.589 Thread 0x00000252d86ae000 Exception <a 'java/lang/ClassNotFoundException'{0x0000000083ba3ea8}: org/gradle/api/internal/provider/DefaultPropertyCustomizer> (0x0000000083ba3ea8) 
thrown [t:/workspace/open/src/hotspot/share/classfile/systemDictionary.cpp, line 232]
Event: 13.828 Thread 0x00000252d86ae000 Exception <a 'java/lang/ClassNotFoundException'{0x0000000083578de0}: org/gradle/api/internal/artifacts/dsl/DefaultRepositoryHandler_DecoratedBeanInfo> (0x0000000083578de0) 
thrown [t:/workspace/open/src/hotspot/share/classfile/systemDictionary.cpp, line 232]
Event: 13.830 Thread 0x00000252d86ae000 Exception <a 'java/lang/ClassNotFoundException'{0x00000000835b4dd8}: org/gradle/api/internal/artifacts/dsl/DefaultRepositoryHandlerBeanInfo> (0x00000000835b4dd8) 
thrown [t:/workspace/open/src/hotspot/share/classfile/systemDictionary.cpp, line 232]
Event: 13.831 Thread 0x00000252d86ae000 Exception <a 'java/lang/ClassNotFoundException'{0x00000000835f3168}: org/gradle/api/internal/artifacts/DefaultArtifactRepositoryContainerBeanInfo> (0x00000000835f3168) 
thrown [t:/workspace/open/src/hotspot/share/classfile/systemDictionary.cpp, line 232]
Event: 13.832 Thread 0x00000252d86ae000 Exception <a 'java/lang/ClassNotFoundException'{0x000000008341ec68}: org/gradle/api/internal/DefaultNamedDomainObjectListBeanInfo> (0x000000008341ec68) 
thrown [t:/workspace/open/src/hotspot/share/classfile/systemDictionary.cpp, line 232]
Event: 13.833 Thread 0x00000252d86ae000 Exception <a 'java/lang/ClassNotFoundException'{0x000000008344be88}: org/gradle/api/internal/DefaultNamedDomainObjectCollectionBeanInfo> (0x000000008344be88) 
thrown [t:/workspace/open/src/hotspot/share/classfile/systemDictionary.cpp, line 232]
Event: 13.835 Thread 0x00000252d86ae000 Exception <a 'java/lang/ClassNotFoundException'{0x0000000083478648}: org/gradle/api/internal/DefaultDomainObjectCollectionBeanInfo> (0x0000000083478648) 
thrown [t:/workspace/open/src/hotspot/share/classfile/systemDictionary.cpp, line 232]
Event: 13.835 Thread 0x00000252d86ae000 Exception <a 'java/lang/ClassNotFoundException'{0x000000008347e880}: java/util/AbstractCollectionBeanInfo> (0x000000008347e880) 
thrown [t:/workspace/open/src/hotspot/share/classfile/systemDictionary.cpp, line 232]
Event: 13.835 Thread 0x00000252d86ae000 Exception <a 'java/lang/ClassNotFoundException'{0x0000000083485260}: java/util/AbstractCollectionCustomizer> (0x0000000083485260) 
thrown [t:/workspace/open/src/hotspot/share/classfile/systemDictionary.cpp, line 232]
Event: 13.859 Thread 0x00000252d86ae000 Exception <a 'java/lang/ClassNotFoundException'{0x00000000834ba850}: org/gradle/api/internal/DefaultDomainObjectCollectionCustomizer> (0x00000000834ba850) 
thrown [t:/workspace/open/src/hotspot/share/classfile/systemDictionary.cpp, line 232]
Event: 13.877 Thread 0x00000252d86ae000 Exception <a 'java/lang/ClassNotFoundException'{0x00000000833061e0}: org/gradle/api/internal/DefaultNamedDomainObjectCollectionCustomizer> (0x00000000833061e0) 
thrown [t:/workspace/open/src/hotspot/share/classfile/systemDictionary.cpp, line 232]
Event: 13.892 Thread 0x00000252d86ae000 Exception <a 'java/lang/ClassNotFoundException'{0x000000008335d788}: org/gradle/api/internal/DefaultNamedDomainObjectListCustomizer> (0x000000008335d788) 
thrown [t:/workspace/open/src/hotspot/share/classfile/systemDictionary.cpp, line 232]
Event: 13.898 Thread 0x00000252d86ae000 Exception <a 'java/lang/ClassNotFoundException'{0x00000000833b6870}: org/gradle/api/internal/artifacts/DefaultArtifactRepositoryContainerCustomizer> (0x00000000833b6870) 
thrown [t:/workspace/open/src/hotspot/share/classfile/systemDictionary.cpp, line 232]
Event: 13.907 Thread 0x00000252d86ae000 Exception <a 'java/lang/ClassNotFoundException'{0x0000000083205668}: org/gradle/api/internal/artifacts/dsl/DefaultRepositoryHandlerCustomizer> (0x0000000083205668) 
thrown [t:/workspace/open/src/hotspot/share/classfile/systemDictionary.cpp, line 232]
Event: 13.921 Thread 0x00000252d86ae000 Exception <a 'java/lang/ClassNotFoundException'{0x0000000083265cd8}: org/gradle/api/internal/artifacts/dsl/DefaultRepositoryHandler_DecoratedCustomizer> (0x0000000083265cd8) 
thrown [t:/workspace/open/src/hotspot/share/classfile/systemDictionary.cpp, line 232]
Event: 14.414 Thread 0x00000252d86ae000 Exception <a 'java/lang/ClassNotFoundException'{0x000000008484d458}: org/gradle/initialization/DefaultProjectDescriptorBeanInfo> (0x000000008484d458) 
thrown [t:/workspace/open/src/hotspot/share/classfile/systemDictionary.cpp, line 232]
Event: 14.416 Thread 0x00000252d86ae000 Exception <a 'java/lang/ClassNotFoundException'{0x0000000084873a70}: org/gradle/initialization/DefaultProjectDescriptorCustomizer> (0x0000000084873a70) 
thrown [t:/workspace/open/src/hotspot/share/classfile/systemDictionary.cpp, line 232]
Event: 14.435 Thread 0x00000252d86ae000 Implicit null exception at 0x00000252c7cfbd6c to 0x00000252c7cfbe16

Events (20 events):
Event: 15.401 loading class org/gradle/api/Project
Event: 15.401 loading class org/gradle/api/Project done
Event: 15.412 loading class org/gradle/launcher/daemon/server/DaemonRegistryUnavailableExpirationStrategy$1
Event: 15.412 loading class org/gradle/launcher/daemon/server/DaemonRegistryUnavailableExpirationStrategy$1 done
Event: 15.422 loading class com/google/common/collect/Lists$TransformingSequentialList$1
Event: 15.422 loading class com/google/common/collect/Lists$TransformingSequentialList$1 done
Event: 15.427 loading class com/google/common/collect/TransformedListIterator
Event: 15.427 loading class com/google/common/collect/TransformedListIterator done
Event: 15.430 loading class org/gradle/internal/extensibility/ExtensibleDynamicObject$InheritedDynamicObject
Event: 15.430 loading class org/gradle/internal/extensibility/ExtensibleDynamicObject$InheritedDynamicObject done
Event: 15.435 loading class com/google/common/collect/TransformedIterator
Event: 15.435 loading class com/google/common/collect/TransformedIterator done
Event: 15.436 loading class org/gradle/initialization/ProjectPropertySettingBuildLoader$CachingPropertyApplicator
Event: 15.436 loading class org/gradle/initialization/ProjectPropertySettingBuildLoader$CachingPropertyApplicator done
Event: 15.444 loading class org/apache/commons/lang/reflect/MethodUtils
Event: 15.444 loading class org/apache/commons/lang/reflect/MethodUtils done
Event: 15.464 loading class org/gradle/initialization/NotifyingBuildLoader$BuildStructureOperationProject
Event: 15.464 loading class org/gradle/initialization/NotifyingBuildLoader$BuildStructureOperationProject done
Event: 15.467 loading class com/google/common/collect/ImmutableSortedSet$Builder
Event: 15.467 loading class com/google/common/collect/ImmutableSortedSet$Builder done


Dynamic libraries:
0x00007ff7aeff0000 - 0x00007ff7aeffd000 	C:\Program Files\Java\jdk-13.0.2\bin\java.exe
0x00007ffacfaf0000 - 0x00007ffacfce5000 	C:\WINDOWS\SYSTEM32\ntdll.dll
0x00007fface240000 - 0x00007fface2fe000 	C:\WINDOWS\System32\KERNEL32.DLL
0x00007ffacd3f0000 - 0x00007ffacd6b8000 	C:\WINDOWS\System32\KERNELBASE.dll
0x00007ffacd200000 - 0x00007ffacd300000 	C:\WINDOWS\System32\ucrtbase.dll
0x00007ffab3ad0000 - 0x00007ffab3ae5000 	C:\Program Files\Java\jdk-13.0.2\bin\VCRUNTIME140.dll
0x00007ffab38b0000 - 0x00007ffab38c8000 	C:\Program Files\Java\jdk-13.0.2\bin\jli.dll
0x00007ffacf910000 - 0x00007ffacfab0000 	C:\WINDOWS\System32\USER32.dll
0x00007ffabb070000 - 0x00007ffabb30a000 	C:\WINDOWS\WinSxS\amd64_microsoft.windows.common-controls_6595b64144ccf1df_6.0.19041.1110_none_60b5254171f9507e\COMCTL32.dll
0x00007ffacd8b0000 - 0x00007ffacd8d2000 	C:\WINDOWS\System32\win32u.dll
0x00007fface180000 - 0x00007fface21e000 	C:\WINDOWS\System32\msvcrt.dll
0x00007ffacdc50000 - 0x00007ffacdc7b000 	C:\WINDOWS\System32\GDI32.dll
0x00007ffacda00000 - 0x00007ffacdb0d000 	C:\WINDOWS\System32\gdi32full.dll
0x00007ffacd300000 - 0x00007ffacd39d000 	C:\WINDOWS\System32\msvcp_win.dll
0x00007ffacf3e0000 - 0x00007ffacf410000 	C:\WINDOWS\System32\IMM32.DLL
0x00007ffa938e0000 - 0x00007ffa9397b000 	C:\Program Files\Java\jdk-13.0.2\bin\msvcp140.dll
0x00007ffa85590000 - 0x00007ffa860ed000 	C:\Program Files\Java\jdk-13.0.2\bin\server\jvm.dll
0x00007ffacdb40000 - 0x00007ffacdbee000 	C:\WINDOWS\System32\ADVAPI32.dll
0x00007ffaceb30000 - 0x00007ffacebcc000 	C:\WINDOWS\System32\sechost.dll
0x00007ffacecf0000 - 0x00007ffacee15000 	C:\WINDOWS\System32\RPCRT4.dll
0x00007ffacef50000 - 0x00007ffacef58000 	C:\WINDOWS\System32\PSAPI.DLL
0x00007ffab0f70000 - 0x00007ffab0f79000 	C:\WINDOWS\SYSTEM32\WSOCK32.dll
0x00007ffacebd0000 - 0x00007ffacec3b000 	C:\WINDOWS\System32\WS2_32.dll
0x00007ffab6cf0000 - 0x00007ffab6d17000 	C:\WINDOWS\SYSTEM32\WINMM.dll
0x00007ffac6020000 - 0x00007ffac602a000 	C:\WINDOWS\SYSTEM32\VERSION.dll
0x00007ffacba80000 - 0x00007ffacba92000 	C:\WINDOWS\SYSTEM32\kernel.appcore.dll
0x00007ffac7220000 - 0x00007ffac7230000 	C:\Program Files\Java\jdk-13.0.2\bin\verify.dll
0x00007ffacb7b0000 - 0x00007ffacb994000 	C:\WINDOWS\SYSTEM32\DBGHELP.DLL
0x00007ffab52b0000 - 0x00007ffab52dc000 	C:\WINDOWS\SYSTEM32\dbgcore.DLL
0x00007ffacd820000 - 0x00007ffacd8a2000 	C:\WINDOWS\System32\bcryptPrimitives.dll
0x00007ffaa9d40000 - 0x00007ffaa9d66000 	C:\Program Files\Java\jdk-13.0.2\bin\java.dll
0x00007ffab1f50000 - 0x00007ffab1f67000 	C:\Program Files\Java\jdk-13.0.2\bin\zip.dll
0x00007ffac5b20000 - 0x00007ffac5b2a000 	C:\Program Files\Java\jdk-13.0.2\bin\jimage.dll
0x00007fface360000 - 0x00007ffaceaa4000 	C:\WINDOWS\System32\SHELL32.dll
0x00007ffacaf40000 - 0x00007ffacb6d4000 	C:\WINDOWS\SYSTEM32\windows.storage.dll
0x00007ffacf080000 - 0x00007ffacf3d5000 	C:\WINDOWS\System32\combase.dll
0x00007ffaccc50000 - 0x00007ffaccc7e000 	C:\WINDOWS\SYSTEM32\Wldp.dll
0x00007ffacf860000 - 0x00007ffacf90d000 	C:\WINDOWS\System32\SHCORE.dll
0x00007ffacdc90000 - 0x00007ffacdce5000 	C:\WINDOWS\System32\shlwapi.dll
0x00007ffacd140000 - 0x00007ffacd15f000 	C:\WINDOWS\SYSTEM32\profapi.dll
0x00007ffab1680000 - 0x00007ffab1699000 	C:\Program Files\Java\jdk-13.0.2\bin\net.dll
0x00007ffaba4d0000 - 0x00007ffaba5dc000 	C:\WINDOWS\SYSTEM32\WINHTTP.dll
0x00007ffacc940000 - 0x00007ffacc9aa000 	C:\WINDOWS\system32\mswsock.dll
0x00007ffab0f80000 - 0x00007ffab0f93000 	C:\Program Files\Java\jdk-13.0.2\bin\nio.dll
0x00007ffac5ba0000 - 0x00007ffac5bc7000 	C:\Users\ASUS\.gradle\native\8bec1ad78214c89d9ad589b4d07fe93259594b29d510b10fafb7a158f7737e5d\windows-amd64\native-platform.dll
0x00007ffa92b30000 - 0x00007ffa92c6d000 	C:\Users\ASUS\.gradle\native\53dbd7edfb1c66fb8903c78663c9afc45aea4f116125fa6feffd364cf09443e8\windows-amd64\native-platform-file-events.dll
0x00007ffabf590000 - 0x00007ffabf599000 	C:\Program Files\Java\jdk-13.0.2\bin\management.dll
0x00007ffabe290000 - 0x00007ffabe29b000 	C:\Program Files\Java\jdk-13.0.2\bin\management_ext.dll
0x00007ffaccb30000 - 0x00007ffaccb48000 	C:\WINDOWS\SYSTEM32\CRYPTSP.dll
0x00007ffacc260000 - 0x00007ffacc294000 	C:\WINDOWS\system32\rsaenh.dll
0x00007ffacdb10000 - 0x00007ffacdb37000 	C:\WINDOWS\System32\bcrypt.dll
0x00007ffacd100000 - 0x00007ffacd12e000 	C:\WINDOWS\SYSTEM32\USERENV.dll
0x00007ffaccb50000 - 0x00007ffaccb5c000 	C:\WINDOWS\SYSTEM32\CRYPTBASE.dll
0x00007ffacc630000 - 0x00007ffacc66b000 	C:\WINDOWS\SYSTEM32\IPHLPAPI.DLL
0x00007ffacdc80000 - 0x00007ffacdc88000 	C:\WINDOWS\System32\NSI.dll
0x00007ffabf520000 - 0x00007ffabf537000 	C:\WINDOWS\SYSTEM32\dhcpcsvc6.DLL
0x00007ffac3990000 - 0x00007ffac39ad000 	C:\WINDOWS\SYSTEM32\dhcpcsvc.DLL
0x00007ffacc670000 - 0x00007ffacc73b000 	C:\WINDOWS\SYSTEM32\DNSAPI.dll

dbghelp: loaded successfully - version: 4.0.5 - missing functions: none
symbol engine: initialized successfully - sym options: 0x614 - pdb path: .;C:\Program Files\Java\jdk-13.0.2\bin;C:\WINDOWS\SYSTEM32;C:\WINDOWS\WinSxS\amd64_microsoft.windows.common-controls_6595b64144ccf1df_6.0.19041.1110_none_60b5254171f9507e;C:\Program Files\Java\jdk-13.0.2\bin\server;C:\Users\ASUS\.gradle\native\8bec1ad78214c89d9ad589b4d07fe93259594b29d510b10fafb7a158f7737e5d\windows-amd64;C:\Users\ASUS\.gradle\native\53dbd7edfb1c66fb8903c78663c9afc45aea4f116125fa6feffd364cf09443e8\windows-amd64

VM Arguments:
jvm_args: --add-opens=java.base/java.util=ALL-UNNAMED --add-opens=java.base/java.lang=ALL-UNNAMED --add-opens=java.base/java.lang.invoke=ALL-UNNAMED --add-opens=java.base/java.util=ALL-UNNAMED --add-opens=java.prefs/java.util.prefs=ALL-UNNAMED --add-opens=java.prefs/java.util.prefs=ALL-UNNAMED --add-opens=java.base/java.nio.charset=ALL-UNNAMED --add-opens=java.base/java.net=ALL-UNNAMED --add-opens=java.base/java.util.concurrent.atomic=ALL-UNNAMED -Xmx2048m -Dfile.encoding=UTF-8 -Duser.country=ID -Duser.language=en -Duser.variant 
java_command: org.gradle.launcher.daemon.bootstrap.GradleDaemon 7.0.2
java_class_path (initial): C:\Users\ASUS\.gradle\wrapper\dists\gradle-7.0.2-bin\857tjihv64xamwrf0h14cai3r\gradle-7.0.2\lib\gradle-launcher-7.0.2.jar
Launcher Type: SUN_STANDARD

[Global flags]
     intx CICompilerCount                          = 3                                         {product} {ergonomic}
     uint ConcGCThreads                            = 1                                         {product} {ergonomic}
     uint G1ConcRefinementThreads                  = 4                                         {product} {ergonomic}
   size_t G1HeapRegionSize                         = 1048576                                   {product} {ergonomic}
    uintx GCDrainStackTargetSize                   = 64                                        {product} {ergonomic}
   size_t InitialHeapSize                          = 67108864                                  {product} {ergonomic}
   size_t MarkStackSize                            = 4194304                                   {product} {ergonomic}
   size_t MaxHeapSize                              = 2147483648                                {product} {command line}
   size_t MaxNewSize                               = 1287651328                                {product} {ergonomic}
   size_t MinHeapDeltaBytes                        = 1048576                                   {product} {ergonomic}
   size_t MinHeapSize                              = 8388608                                   {product} {ergonomic}
    uintx NonNMethodCodeHeapSize                   = 5832780                                {pd product} {ergonomic}
    uintx NonProfiledCodeHeapSize                  = 122912730                              {pd product} {ergonomic}
    uintx ProfiledCodeHeapSize                     = 122912730                              {pd product} {ergonomic}
    uintx ReservedCodeCacheSize                    = 251658240                              {pd product} {ergonomic}
     bool SegmentedCodeCache                       = true                                      {product} {ergonomic}
   size_t SoftMaxHeapSize                          = 2147483648                             {manageable} {ergonomic}
     bool UseCompressedClassPointers               = true                                 {lp64_product} {ergonomic}
     bool UseCompressedOops                        = true                                 {lp64_product} {ergonomic}
     bool UseG1GC                                  = true                                      {product} {ergonomic}
     bool UseLargePagesIndividualAllocation        = false                                  {pd product} {ergonomic}

Logging:
Log output configuration:
 #0: stdout all=warning uptime,level,tags
 #1: stderr all=off uptime,level,tags

Environment Variables:
JAVA_HOME=C:\Program Files\Java\jdk-13.0.2
PATH=C:\Program Files\Common Files\Oracle\Java\javapath;C:\Program Files (x86)\Common Files\Oracle\Java\javapath;C:\Program Files (x86)\Common Files\Intel\Shared Files\cpp\bin\Intel64;C:\Windows\system32;C:\Windows;C:\Windows\System32\Wbem;C:\Windows\System32\WindowsPowerShell\v1.0\;C:\Windows\System32\OpenSSH\;C:\Program Files (x86)\NVIDIA Corporation\PhysX\Common;C:\Program Files\Intel\WiFi\bin\;C:\Program Files\Common Files\Intel\WirelessCommon\;C:\WINDOWS\system32;C:\WINDOWS;C:\WINDOWS\System32\Wbem;C:\WINDOWS\System32\WindowsPowerShell\v1.0\;C:\WINDOWS\System32\OpenSSH\;C:\Program Files\Microsoft SQL Server\130\Tools\Binn\;C:\Program Files\Microsoft SQL Server\Client SDK\ODBC\170\Tools\Binn\;C:\Program Files (x86)\Git\cmd;C:\Program Files\Java\jdk-13.0.2\bin;C:\xampp\php;C:\ProgramData\ComposerSetup\bin;C:\Program Files\dotnet\;C:\Program Files\Microsoft SQL Server\150\Tools\Binn\;D:\;C:\Users\ASUS\AppData\Local\Programs\Python\Python38-32\Scripts\;C:\Users\ASUS\AppData\Local\Programs\Python\Python38-32\;C:\Users\ASUS\AppData\Local\Microsoft\WindowsApps;C:\Users\ASUS\AppData\Local\Programs\Microsoft VS Code\bin;C:\Users\ASUS\AppData\Roaming\Composer\vendor\bin;C:\new xampp\php;C:\Users\ASUS\.dotnet\tools;C:\Users\ASUS\AppData\Roaming\npm
USERNAME=ASUS
OS=Windows_NT
PROCESSOR_IDENTIFIER=Intel64 Family 6 Model 142 Stepping 9, GenuineIntel



---------------  S Y S T E M  ---------------

OS: Windows 10 , 64 bit Build 19041 (10.0.19041.1503)

CPU:total 4 (initial active 4) (2 cores per cpu, 2 threads per core) family 6 model 142 stepping 9, cmov, cx8, fxsr, mmx, sse, sse2, sse3, ssse3, sse4.1, sse4.2, popcnt, avx, avx2, aes, clmul, erms, 3dnowpref, lzcnt, ht, tsc, tscinvbit, bmi1, bmi2, adx, fma

Memory: 4k page, system-wide physical 3978M (108M free)
TotalPageFile size 16266M (AvailPageFile size 0M)
current process WorkingSet (physical memory assigned to process): 181M, peak: 181M
current process commit charge ("private bytes"): 255M, peak: 255M

vm_info: OpenJDK 64-Bit Server VM (13.0.2+8) for windows-amd64 JRE (13.0.2+8), built on Dec 11 2019 09:20:05 by "mach5one" with unknown MS VC++:1916

END.
