#
# There is insufficient memory for the Java Runtime Environment to continue.
# Native memory allocation (mmap) failed to map 101711872 bytes for Failed to commit area from 0x0000000097900000 to 0x000000009da00000 of length 101711872.
# Possible reasons:
#   The system is out of physical RAM or swap space
#   The process is running with CompressedOops enabled, and the Java Heap may be blocking the growth of the native heap
# Possible solutions:
#   Reduce memory load on the system
#   Increase physical memory or swap space
#   Check if swap backing store is full
#   Decrease Java heap size (-Xmx/-Xms)
#   Decrease number of Java threads
#   Decrease Java thread stack sizes (-Xss)
#   Set larger code cache with -XX:ReservedCodeCacheSize=
#   JVM is running with Unscaled Compressed Oops mode in which the Java heap is
#     placed in the first 4GB address space. The Java Heap base address is the
#     maximum limit for the native heap growth. Please use -XX:HeapBaseMinAddress
#     to set the Java Heap base and to place the Java Heap above 4GB virtual address.
# This output file may be truncated or incomplete.
#
#  Out of Memory Error (t:/workspace/open/src/hotspot/os/windows/os_windows.cpp:3301), pid=15512, tid=20184
#
# JRE version: OpenJDK Runtime Environment (13.0.2+8) (build 13.0.2+8)
# Java VM: OpenJDK 64-Bit Server VM (13.0.2+8, mixed mode, sharing, tiered, compressed oops, g1 gc, windows-amd64)
# No core dump will be written. Minidumps are not enabled by default on client versions of Windows
#

---------------  S U M M A R Y ------------

Command Line: --add-opens=java.base/java.util=ALL-UNNAMED --add-opens=java.base/java.lang=ALL-UNNAMED --add-opens=java.base/java.lang.invoke=ALL-UNNAMED --add-opens=java.base/java.util=ALL-UNNAMED --add-opens=java.prefs/java.util.prefs=ALL-UNNAMED --add-opens=java.prefs/java.util.prefs=ALL-UNNAMED --add-opens=java.base/java.nio.charset=ALL-UNNAMED --add-opens=java.base/java.net=ALL-UNNAMED --add-opens=java.base/java.util.concurrent.atomic=ALL-UNNAMED -Xmx2048m -Dfile.encoding=UTF-8 -Duser.country=ID -Duser.language=en -Duser.variant org.gradle.launcher.daemon.bootstrap.GradleDaemon 7.0.2

Host: Intel(R) Core(TM) i3-7020U CPU @ 2.30GHz, 4 cores, 3G,  Windows 10 , 64 bit Build 19041 (10.0.19041.1503)
Time: Tue Mar  8 22:03:29 2022 SE Asia Standard Time elapsed time: 858 seconds (0d 0h 14m 18s)

---------------  T H R E A D  ---------------

Current thread (0x0000016afa682000):  VMThread "VM Thread" [stack: 0x0000005045d00000,0x0000005045e00000] [id=20184]

Stack: [0x0000005045d00000,0x0000005045e00000]
[error occurred during error reporting (printing stack bounds), id 0xc0000005, EXCEPTION_ACCESS_VIOLATION (0xc0000005) at pc=0x0000016a884310ad]

Native frames: (J=compiled Java code, j=interpreted, Vv=VM code, C=native code)
V  [jvm.dll+0x624f9a]
V  [jvm.dll+0x770cfa]
V  [jvm.dll+0x7724af]
V  [jvm.dll+0x772a15]
V  [jvm.dll+0x7729cb]
V  [jvm.dll+0x6244df]
C  [ntdll.dll+0x78a3c]
C  [ntdll.dll+0x51276]
C  [ntdll.dll+0xa0bfe]
C  0x0000016a884310ad

VM_Operation (0x00000050459ff8a0): G1Concurrent, mode: safepoint, requested by thread 0x0000016afa603000


---------------  P R O C E S S  ---------------

Threads class SMR info:
_java_thread_list=0x0000016aa2d3cf60, length=55, elements={
0x0000016afa5ac800, 0x0000016aff7e0800, 0x0000016afa68b000, 0x0000016aff7f4000,
0x0000016aff7f6000, 0x0000016aff7fb000, 0x0000016aff7ff800, 0x0000016aff801000,
0x0000016affa4b800, 0x0000016affa55000, 0x0000016a9cf66800, 0x0000016a9d24e000,
0x0000016a9d232800, 0x0000016a9c4e0800, 0x0000016a9c4e5000, 0x0000016a9c4df800,
0x0000016a9c4e1000, 0x0000016a9c4e6000, 0x0000016a9c4e2000, 0x0000016a9c4e3000,
0x0000016a9c4e3800, 0x0000016a9d917000, 0x0000016a9d916800, 0x0000016a9d915800,
0x0000016a9d91d000, 0x0000016a9d91e800, 0x0000016a9da07800, 0x0000016a9da05000,
0x0000016a9da08000, 0x0000016a9da02800, 0x0000016a9da03800, 0x0000016a9da0a000,
0x0000016a9da09000, 0x0000016a9da04000, 0x0000016a9da05800, 0x0000016a9da0a800,
0x0000016a9da0b800, 0x0000016a9da0c000, 0x0000016a9da06800, 0x0000016a9da0d000,
0x0000016a9da0e000, 0x0000016a9da0e800, 0x0000016a9da0f800, 0x0000016a9da10800,
0x0000016a9d911800, 0x0000016a9d913000, 0x0000016a9d918000, 0x0000016a9d912800,
0x0000016a9d919800, 0x0000016a9d914000, 0x0000016a9d91e000, 0x0000016a9d920000,
0x0000016a9d91a800, 0x0000016a9d91c000, 0x0000016a9c4e4800
}

Java Threads: ( => current thread )
  0x0000016afa5ac800 JavaThread "main" [_thread_blocked, id=15044, stack(0x0000005045700000,0x0000005045800000)]
  0x0000016aff7e0800 JavaThread "Reference Handler" daemon [_thread_blocked, id=15668, stack(0x0000005045e00000,0x0000005045f00000)]
  0x0000016afa68b000 JavaThread "Finalizer" daemon [_thread_blocked, id=4188, stack(0x0000005045f00000,0x0000005046000000)]
  0x0000016aff7f4000 JavaThread "Signal Dispatcher" daemon [_thread_blocked, id=12764, stack(0x0000005046000000,0x0000005046100000)]
  0x0000016aff7f6000 JavaThread "Attach Listener" daemon [_thread_blocked, id=15596, stack(0x0000005046100000,0x0000005046200000)]
  0x0000016aff7fb000 JavaThread "C2 CompilerThread0" daemon [_thread_in_native, id=4032, stack(0x0000005046200000,0x0000005046300000)]
  0x0000016aff7ff800 JavaThread "C1 CompilerThread0" daemon [_thread_blocked, id=2284, stack(0x0000005046300000,0x0000005046400000)]
  0x0000016aff801000 JavaThread "Sweeper thread" daemon [_thread_blocked, id=15832, stack(0x0000005046400000,0x0000005046500000)]
  0x0000016affa4b800 JavaThread "Common-Cleaner" daemon [_thread_blocked, id=7240, stack(0x0000005046500000,0x0000005046600000)]
  0x0000016affa55000 JavaThread "Service Thread" daemon [_thread_blocked, id=8060, stack(0x0000005046600000,0x0000005046700000)]
  0x0000016a9cf66800 JavaThread "Daemon health stats" [_thread_blocked, id=4204, stack(0x0000005046900000,0x0000005046a00000)]
  0x0000016a9d24e000 JavaThread "Incoming local TCP Connector on port 60698" [_thread_in_native, id=13604, stack(0x0000005046a00000,0x0000005046b00000)]
  0x0000016a9d232800 JavaThread "Daemon periodic checks" [_thread_blocked, id=9612, stack(0x0000005046b00000,0x0000005046c00000)]
  0x0000016a9c4e0800 JavaThread "Cache worker for file hash cache (C:\Users\ASUS\.gradle\caches\7.0.2\fileHashes)" [_thread_blocked, id=16072, stack(0x0000005047500000,0x0000005047600000)]
  0x0000016a9c4e5000 JavaThread "File lock request listener" [_thread_in_native, id=10420, stack(0x0000005047600000,0x0000005047700000)]
  0x0000016a9c4df800 JavaThread "Cache worker for journal cache (C:\Users\ASUS\.gradle\caches\journal-1)" [_thread_blocked, id=18836, stack(0x0000005047700000,0x0000005047800000)]
  0x0000016a9c4e1000 JavaThread "File watcher server" daemon [_thread_blocked, id=10128, stack(0x0000005047900000,0x0000005047a00000)]
  0x0000016a9c4e6000 JavaThread "File watcher consumer" daemon [_thread_blocked, id=14032, stack(0x0000005047a00000,0x0000005047b00000)]
  0x0000016a9c4e2000 JavaThread "jar transforms" [_thread_blocked, id=4412, stack(0x0000005047b00000,0x0000005047c00000)]
  0x0000016a9c4e3000 JavaThread "jar transforms Thread 2" [_thread_blocked, id=14664, stack(0x0000005047c00000,0x0000005047d00000)]
  0x0000016a9c4e3800 JavaThread "jar transforms Thread 3" [_thread_blocked, id=9292, stack(0x0000005047d00000,0x0000005047e00000)]
  0x0000016a9d917000 JavaThread "jar transforms Thread 4" [_thread_blocked, id=14816, stack(0x0000005047e00000,0x0000005047f00000)]
  0x0000016a9d916800 JavaThread "Cache worker for execution history cache (C:\Users\ASUS\.gradle\caches\7.0.2\executionHistory)" [_thread_blocked, id=15416, stack(0x0000005048200000,0x0000005048300000)]
  0x0000016a9d915800 JavaThread "Cache worker for file content cache (C:\Users\ASUS\.gradle\caches\7.0.2\fileContent)" [_thread_blocked, id=6012, stack(0x0000005048300000,0x0000005048400000)]
  0x0000016a9d91d000 JavaThread "Memory manager" [_thread_blocked, id=2088, stack(0x0000005048a00000,0x0000005048b00000)]
  0x0000016a9d91e800 JavaThread "pool-3-thread-1" [_thread_blocked, id=6672, stack(0x0000005048b00000,0x0000005048c00000)]
  0x0000016a9da07800 JavaThread "pool-6-thread-1" [_thread_blocked, id=17032, stack(0x0000005048700000,0x0000005048800000)]
  0x0000016a9da05000 JavaThread "Daemon Thread 3" [_thread_blocked, id=11632, stack(0x0000005045400000,0x0000005045500000)]
  0x0000016a9da08000 JavaThread "Handler for socket connection from /127.0.0.1:60698 to /127.0.0.1:60807" [_thread_in_native, id=2256, stack(0x0000005045500000,0x0000005045600000)]
  0x0000016a9da02800 JavaThread "Cancel handler" [_thread_blocked, id=12332, stack(0x0000005045600000,0x0000005045700000)]
  0x0000016a9da03800 JavaThread "Daemon worker Thread 3" [_thread_blocked, id=15148, stack(0x0000005046c00000,0x0000005046d00000)]
  0x0000016a9da0a000 JavaThread "Asynchronous log dispatcher for DefaultDaemonConnection: socket connection from /127.0.0.1:60698 to /127.0.0.1:60807" [_thread_blocked, id=15604, stack(0x0000005046d00000,0x0000005046e00000)]
  0x0000016a9da09000 JavaThread "Stdin handler" [_thread_blocked, id=12320, stack(0x0000005047000000,0x0000005047100000)]
  0x0000016a9da04000 JavaThread "Daemon client event forwarder" [_thread_blocked, id=8900, stack(0x0000005047100000,0x0000005047200000)]
  0x0000016a9da05800 JavaThread "Cache worker for file hash cache (C:\Users\ASUS\AndroidStudioProjects\AplikasiInformasiCovid13Diana\.gradle\7.0.2\fileHashes)" [_thread_blocked, id=17992, stack(0x0000005047200000,0x0000005047300000)]
  0x0000016a9da0a800 JavaThread "Cache worker for checksums cache (C:\Users\ASUS\AndroidStudioProjects\AplikasiInformasiCovid13Diana\.gradle\checksums)" [_thread_blocked, id=16524, stack(0x0000005047300000,0x0000005047400000)]
  0x0000016a9da0b800 JavaThread "Cache worker for cache directory md-supplier (C:\Users\ASUS\.gradle\caches\7.0.2\md-supplier)" [_thread_blocked, id=10320, stack(0x0000005047400000,0x0000005047500000)]
  0x0000016a9da0c000 JavaThread "Cache worker for cache directory md-rule (C:\Users\ASUS\.gradle\caches\7.0.2\md-rule)" [_thread_blocked, id=14836, stack(0x0000005047800000,0x0000005047900000)]
  0x0000016a9da06800 JavaThread "Cache worker for dependencies-accessors (C:\Users\ASUS\AndroidStudioProjects\AplikasiInformasiCovid13Diana\.gradle\7.0.2\dependencies-accessors)" [_thread_blocked, id=11440, stack(0x0000005047f00000,0x0000005048000000)]
  0x0000016a9da0d000 JavaThread "Cache worker for Build Output Cleanup Cache (C:\Users\ASUS\AndroidStudioProjects\AplikasiInformasiCovid13Diana\.gradle\buildOutputCleanup)" [_thread_blocked, id=18180, stack(0x0000005048000000,0x0000005048100000)]
  0x0000016a9da0e000 JavaThread "Build operations" [_thread_blocked, id=13728, stack(0x0000005048400000,0x0000005048500000)]
  0x0000016a9da0e800 JavaThread "Build operations Thread 2" [_thread_blocked, id=17972, stack(0x0000005048500000,0x0000005048600000)]
  0x0000016a9da0f800 JavaThread "Build operations Thread 3" [_thread_blocked, id=20424, stack(0x0000005048600000,0x0000005048700000)]
  0x0000016a9da10800 JavaThread "Build operations Thread 4" [_thread_blocked, id=4716, stack(0x0000005048800000,0x0000005048900000)]
  0x0000016a9d911800 JavaThread "build event listener" [_thread_blocked, id=812, stack(0x0000005048900000,0x0000005048a00000)]
  0x0000016a9d913000 JavaThread "pool-9-thread-1" [_thread_blocked, id=17984, stack(0x0000005048c00000,0x0000005048d00000)]
  0x0000016a9d918000 JavaThread "build event listener" [_thread_blocked, id=10140, stack(0x0000005048d00000,0x0000005048e00000)]
  0x0000016a9d912800 JavaThread "Execution worker for ':'" [_thread_blocked, id=10700, stack(0x0000005048e00000,0x0000005048f00000)]
  0x0000016a9d919800 JavaThread "Execution worker for ':' Thread 2" [_thread_blocked, id=13296, stack(0x0000005048f00000,0x0000005049000000)]
  0x0000016a9d914000 JavaThread "Execution worker for ':' Thread 3" [_thread_blocked, id=18284, stack(0x0000005049000000,0x0000005049100000)]
  0x0000016a9d91e000 JavaThread "Cache worker for execution history cache (C:\Users\ASUS\AndroidStudioProjects\AplikasiInformasiCovid13Diana\.gradle\7.0.2\executionHistory)" [_thread_blocked, id=18988, stack(0x0000005049100000,0x0000005049200000)]
  0x0000016a9d920000 JavaThread "WorkerExecutor Queue" [_thread_blocked, id=3616, stack(0x0000005048100000,0x0000005048200000)]
  0x0000016a9d91a800 JavaThread "WorkerExecutor Queue Thread 2" [_thread_blocked, id=13696, stack(0x0000005049500000,0x0000005049600000)]
  0x0000016a9d91c000 JavaThread "WorkerExecutor Queue Thread 3" [_thread_blocked, id=10604, stack(0x0000005049600000,0x0000005049700000)]
  0x0000016a9c4e4800 JavaThread "WorkerExecutor Queue Thread 4" [_thread_blocked, id=18816, stack(0x0000005049700000,0x0000005049800000)]

Other Threads:
=>0x0000016afa682000 VMThread "VM Thread" [stack: 0x0000005045d00000,0x0000005045e00000] [id=20184]
  0x0000016affa6f800 WatcherThread [stack: 0x0000005046700000,0x0000005046800000] [id=18344]
  0x0000016afa5f1800 GCTaskThread "GC Thread#0" [stack: 0x0000005045800000,0x0000005045900000] [id=16208]
  0x0000016a9bd2e000 GCTaskThread "GC Thread#1" [stack: 0x0000005046800000,0x0000005046900000] [id=15588]
  0x0000016a9cf12800 GCTaskThread "GC Thread#2" [stack: 0x0000005046e00000,0x0000005046f00000] [id=18304]
  0x0000016a9d00f800 GCTaskThread "GC Thread#3" [stack: 0x0000005046f00000,0x0000005047000000] [id=14188]
  0x0000016afa603000 ConcurrentGCThread "G1 Main Marker" [stack: 0x0000005045900000,0x0000005045a00000] [id=16680]
  0x0000016afa607800 ConcurrentGCThread "G1 Conc#0" [stack: 0x0000005045a00000,0x0000005045b00000] [id=17144]
  0x0000016afa65d000 ConcurrentGCThread "G1 Refine#0" [stack: 0x0000005045b00000,0x0000005045c00000] [id=10264]
  0x0000016a9d7e3800 ConcurrentGCThread "G1 Refine#1" [stack: 0x0000005049200000,0x0000005049300000] [id=14424]
  0x0000016aa0bee000 ConcurrentGCThread "G1 Refine#2" [stack: 0x0000005049300000,0x0000005049400000] [id=11324]
  0x0000016aa6621800 ConcurrentGCThread "G1 Refine#3" [stack: 0x0000005049400000,0x0000005049500000] [id=9352]
  0x0000016afa65e000 ConcurrentGCThread "G1 Young RemSet Sampling" [stack: 0x0000005045c00000,0x0000005045d00000] [id=4428]

Threads with active compile tasks:
C2 CompilerThread0   858744 23835       4       com.android.tools.r8.internal.Me::a (1137 bytes)

VM state:at safepoint (normal execution)

VM Mutex/Monitor currently owned by a thread:  ([mutex/lock_event])
[0x0000016afa5a9f00] Threads_lock - owner thread: 0x0000016afa682000
[0x0000016afa5a8c70] Heap_lock - owner thread: 0x0000016afa603000

Heap address: 0x0000000080000000, size: 2048 MB, Compressed Oops mode: 32-bit
Narrow klass base: 0x0000000800000000, Narrow klass shift: 3
Compressed class space size: 1073741824 Address: 0x0000000800b40000

Heap:
 garbage-first heap   total 485376K, used 288701K [0x0000000080000000, 0x0000000100000000)
  region size 1024K, 113 young (115712K), 10 survivors (10240K)
 Metaspace       used 128655K, capacity 132473K, committed 132736K, reserved 1165312K
  class space    used 16103K, capacity 17497K, committed 17536K, reserved 1048576K
Heap Regions: E=young(eden), S=young(survivor), O=old, HS=humongous(starts), HC=humongous(continues), CS=collection set, F=free, A=archive, TAMS=top-at-mark-start (previous, next)
|   0|0x0000000080000000, 0x0000000080100000, 0x0000000080100000|100%| O|  |TAMS 0x0000000080100000, 0x0000000080000000| Updating 
|   1|0x0000000080100000, 0x0000000080200000, 0x0000000080200000|100%| O|  |TAMS 0x0000000080200000, 0x0000000080100000| Updating 
|   2|0x0000000080200000, 0x0000000080300000, 0x0000000080300000|100%| O|  |TAMS 0x0000000080300000, 0x0000000080200000| Updating 
|   3|0x0000000080300000, 0x0000000080400000, 0x0000000080400000|100%|HS|  |TAMS 0x0000000080400000, 0x0000000080300000| Complete 
|   4|0x0000000080400000, 0x0000000080500000, 0x0000000080500000|100%|HC|  |TAMS 0x0000000080500000, 0x0000000080400000| Complete 
|   5|0x0000000080500000, 0x0000000080600000, 0x0000000080600000|100%|HC|  |TAMS 0x0000000080600000, 0x0000000080500000| Complete 
|   6|0x0000000080600000, 0x0000000080700000, 0x0000000080700000|100%| O|  |TAMS 0x0000000080700000, 0x0000000080600000| Updating 
|   7|0x0000000080700000, 0x0000000080800000, 0x0000000080800000|100%| O|  |TAMS 0x0000000080800000, 0x0000000080700000| Updating 
|   8|0x0000000080800000, 0x0000000080900000, 0x0000000080900000|100%| O|  |TAMS 0x0000000080900000, 0x0000000080800000| Updating 
|   9|0x0000000080900000, 0x0000000080a00000, 0x0000000080a00000|100%| O|  |TAMS 0x0000000080a00000, 0x0000000080900000| Updating 
|  10|0x0000000080a00000, 0x0000000080b00000, 0x0000000080b00000|100%| O|  |TAMS 0x0000000080b00000, 0x0000000080a00000| Updating 
|  11|0x0000000080b00000, 0x0000000080c00000, 0x0000000080c00000|100%| O|  |TAMS 0x0000000080c00000, 0x0000000080b00000| Updating 
|  12|0x0000000080c00000, 0x0000000080d00000, 0x0000000080d00000|100%| O|  |TAMS 0x0000000080d00000, 0x0000000080c00000| Updating 
|  13|0x0000000080d00000, 0x0000000080e00000, 0x0000000080e00000|100%| O|  |TAMS 0x0000000080e00000, 0x0000000080d00000| Updating 
|  14|0x0000000080e00000, 0x0000000080f00000, 0x0000000080f00000|100%| O|  |TAMS 0x0000000080f00000, 0x0000000080e00000| Updating 
|  15|0x0000000080f00000, 0x0000000081000000, 0x0000000081000000|100%|HS|  |TAMS 0x0000000081000000, 0x0000000080f00000| Complete 
|  16|0x0000000081000000, 0x0000000081100000, 0x0000000081100000|100%|HC|  |TAMS 0x0000000081100000, 0x0000000081000000| Complete 
|  17|0x0000000081100000, 0x0000000081200000, 0x0000000081200000|100%|HS|  |TAMS 0x0000000081200000, 0x0000000081100000| Complete 
|  18|0x0000000081200000, 0x0000000081300000, 0x0000000081300000|100%|HC|  |TAMS 0x0000000081300000, 0x0000000081200000| Complete 
|  19|0x0000000081300000, 0x0000000081400000, 0x0000000081400000|100%|HC|  |TAMS 0x0000000081400000, 0x0000000081300000| Complete 
|  20|0x0000000081400000, 0x0000000081500000, 0x0000000081500000|100%|HS|  |TAMS 0x0000000081500000, 0x0000000081400000| Complete 
|  21|0x0000000081500000, 0x0000000081600000, 0x0000000081600000|100%|HC|  |TAMS 0x0000000081600000, 0x0000000081500000| Complete 
|  22|0x0000000081600000, 0x0000000081700000, 0x0000000081700000|100%|HC|  |TAMS 0x0000000081700000, 0x0000000081600000| Complete 
|  23|0x0000000081700000, 0x0000000081800000, 0x0000000081800000|100%|HC|  |TAMS 0x0000000081800000, 0x0000000081700000| Complete 
|  24|0x0000000081800000, 0x0000000081900000, 0x0000000081900000|100%|HC|  |TAMS 0x0000000081900000, 0x0000000081800000| Complete 
|  25|0x0000000081900000, 0x0000000081a00000, 0x0000000081a00000|100%| O|  |TAMS 0x0000000081a00000, 0x0000000081900000| Updating 
|  26|0x0000000081a00000, 0x0000000081b00000, 0x0000000081b00000|100%| O|  |TAMS 0x0000000081b00000, 0x0000000081a00000| Updating 
|  27|0x0000000081b00000, 0x0000000081c00000, 0x0000000081c00000|100%| O|  |TAMS 0x0000000081c00000, 0x0000000081b00000| Updating 
|  28|0x0000000081c00000, 0x0000000081d00000, 0x0000000081d00000|100%| O|  |TAMS 0x0000000081d00000, 0x0000000081c00000| Updating 
|  29|0x0000000081d00000, 0x0000000081e00000, 0x0000000081e00000|100%| O|  |TAMS 0x0000000081e00000, 0x0000000081d00000| Updating 
|  30|0x0000000081e00000, 0x0000000081f00000, 0x0000000081f00000|100%| O|  |TAMS 0x0000000081f00000, 0x0000000081e00000| Updating 
|  31|0x0000000081f00000, 0x0000000082000000, 0x0000000082000000|100%| O|  |TAMS 0x0000000082000000, 0x0000000081f00000| Updating 
|  32|0x0000000082000000, 0x0000000082100000, 0x0000000082100000|100%|HS|  |TAMS 0x0000000082100000, 0x0000000082000000| Complete 
|  33|0x0000000082100000, 0x0000000082200000, 0x0000000082200000|100%|HC|  |TAMS 0x0000000082200000, 0x0000000082100000| Complete 
|  34|0x0000000082200000, 0x0000000082300000, 0x0000000082300000|100%|HC|  |TAMS 0x0000000082300000, 0x0000000082200000| Complete 
|  35|0x0000000082300000, 0x0000000082400000, 0x0000000082400000|100%| O|  |TAMS 0x0000000082400000, 0x0000000082300000| Updating 
|  36|0x0000000082400000, 0x0000000082500000, 0x0000000082500000|100%| O|  |TAMS 0x0000000082500000, 0x0000000082400000| Updating 
|  37|0x0000000082500000, 0x0000000082600000, 0x0000000082600000|100%| O|  |TAMS 0x0000000082600000, 0x0000000082500000| Updating 
|  38|0x0000000082600000, 0x0000000082700000, 0x0000000082700000|100%| O|  |TAMS 0x0000000082700000, 0x0000000082600000| Updating 
|  39|0x0000000082700000, 0x0000000082800000, 0x0000000082800000|100%| O|  |TAMS 0x0000000082800000, 0x0000000082700000| Updating 
|  40|0x0000000082800000, 0x0000000082900000, 0x0000000082900000|100%|HS|  |TAMS 0x0000000082900000, 0x0000000082800000| Complete 
|  41|0x0000000082900000, 0x0000000082a00000, 0x0000000082a00000|100%|HC|  |TAMS 0x0000000082a00000, 0x0000000082900000| Complete 
|  42|0x0000000082a00000, 0x0000000082b00000, 0x0000000082b00000|100%|HC|  |TAMS 0x0000000082b00000, 0x0000000082a00000| Complete 
|  43|0x0000000082b00000, 0x0000000082c00000, 0x0000000082c00000|100%|HC|  |TAMS 0x0000000082c00000, 0x0000000082b00000| Complete 
|  44|0x0000000082c00000, 0x0000000082d00000, 0x0000000082d00000|100%|HC|  |TAMS 0x0000000082d00000, 0x0000000082c00000| Complete 
|  45|0x0000000082d00000, 0x0000000082e00000, 0x0000000082e00000|100%| O|  |TAMS 0x0000000082e00000, 0x0000000082d00000| Updating 
|  46|0x0000000082e00000, 0x0000000082f00000, 0x0000000082f00000|100%| O|  |TAMS 0x0000000082f00000, 0x0000000082e00000| Updating 
|  47|0x0000000082f00000, 0x0000000083000000, 0x0000000083000000|100%| O|  |TAMS 0x0000000083000000, 0x0000000082f00000| Updating 
|  48|0x0000000083000000, 0x0000000083100000, 0x0000000083100000|100%| O|  |TAMS 0x0000000083100000, 0x0000000083000000| Updating 
|  49|0x0000000083100000, 0x0000000083200000, 0x0000000083200000|100%| O|  |TAMS 0x0000000083200000, 0x0000000083100000| Updating 
|  50|0x0000000083200000, 0x0000000083300000, 0x0000000083300000|100%| O|  |TAMS 0x0000000083300000, 0x0000000083200000| Updating 
|  51|0x0000000083300000, 0x0000000083400000, 0x0000000083400000|100%| O|  |TAMS 0x0000000083400000, 0x0000000083300000| Updating 
|  52|0x0000000083400000, 0x0000000083500000, 0x0000000083500000|100%| O|  |TAMS 0x0000000083500000, 0x0000000083400000| Updating 
|  53|0x0000000083500000, 0x0000000083600000, 0x0000000083600000|100%| O|  |TAMS 0x0000000083600000, 0x0000000083500000| Updating 
|  54|0x0000000083600000, 0x0000000083700000, 0x0000000083700000|100%| O|  |TAMS 0x0000000083700000, 0x0000000083600000| Updating 
|  55|0x0000000083700000, 0x0000000083800000, 0x0000000083800000|100%| O|  |TAMS 0x0000000083800000, 0x0000000083700000| Updating 
|  56|0x0000000083800000, 0x0000000083900000, 0x0000000083900000|100%|HS|  |TAMS 0x0000000083900000, 0x0000000083800000| Complete 
|  57|0x0000000083900000, 0x0000000083a00000, 0x0000000083a00000|100%|HS|  |TAMS 0x0000000083a00000, 0x0000000083900000| Complete 
|  58|0x0000000083a00000, 0x0000000083b00000, 0x0000000083b00000|100%|HS|  |TAMS 0x0000000083b00000, 0x0000000083a00000| Complete 
|  59|0x0000000083b00000, 0x0000000083c00000, 0x0000000083c00000|100%|HS|  |TAMS 0x0000000083c00000, 0x0000000083b00000| Complete 
|  60|0x0000000083c00000, 0x0000000083d00000, 0x0000000083d00000|100%|HC|  |TAMS 0x0000000083d00000, 0x0000000083c00000| Complete 
|  61|0x0000000083d00000, 0x0000000083e00000, 0x0000000083e00000|100%|HC|  |TAMS 0x0000000083e00000, 0x0000000083d00000| Complete 
|  62|0x0000000083e00000, 0x0000000083f00000, 0x0000000083f00000|100%|HS|  |TAMS 0x0000000083f00000, 0x0000000083e00000| Complete 
|  63|0x0000000083f00000, 0x0000000084000000, 0x0000000084000000|100%|HC|  |TAMS 0x0000000084000000, 0x0000000083f00000| Complete 
|  64|0x0000000084000000, 0x0000000084100000, 0x0000000084100000|100%| O|  |TAMS 0x0000000084100000, 0x0000000084000000| Updating 
|  65|0x0000000084100000, 0x0000000084200000, 0x0000000084200000|100%| O|  |TAMS 0x0000000084200000, 0x0000000084100000| Updating 
|  66|0x0000000084200000, 0x0000000084300000, 0x0000000084300000|100%| O|  |TAMS 0x0000000084300000, 0x0000000084200000| Updating 
|  67|0x0000000084300000, 0x0000000084400000, 0x0000000084400000|100%| O|  |TAMS 0x0000000084400000, 0x0000000084300000| Updating 
|  68|0x0000000084400000, 0x0000000084500000, 0x0000000084500000|100%| O|  |TAMS 0x0000000084500000, 0x0000000084400000| Updating 
|  69|0x0000000084500000, 0x0000000084600000, 0x0000000084600000|100%| O|  |TAMS 0x0000000084600000, 0x0000000084500000| Updating 
|  70|0x0000000084600000, 0x0000000084700000, 0x0000000084700000|100%| O|  |TAMS 0x0000000084700000, 0x0000000084600000| Updating 
|  71|0x0000000084700000, 0x0000000084800000, 0x0000000084800000|100%| O|  |TAMS 0x0000000084800000, 0x0000000084700000| Updating 
|  72|0x0000000084800000, 0x0000000084900000, 0x0000000084900000|100%| O|  |TAMS 0x0000000084900000, 0x0000000084800000| Updating 
|  73|0x0000000084900000, 0x0000000084a00000, 0x0000000084a00000|100%| O|  |TAMS 0x0000000084a00000, 0x0000000084900000| Updating 
|  74|0x0000000084a00000, 0x0000000084b00000, 0x0000000084b00000|100%| O|  |TAMS 0x0000000084b00000, 0x0000000084a00000| Updating 
|  75|0x0000000084b00000, 0x0000000084c00000, 0x0000000084c00000|100%| O|  |TAMS 0x0000000084c00000, 0x0000000084b00000| Updating 
|  76|0x0000000084c00000, 0x0000000084d00000, 0x0000000084d00000|100%| O|  |TAMS 0x0000000084d00000, 0x0000000084c00000| Updating 
|  77|0x0000000084d00000, 0x0000000084e00000, 0x0000000084e00000|100%| O|  |TAMS 0x0000000084e00000, 0x0000000084d00000| Updating 
|  78|0x0000000084e00000, 0x0000000084f00000, 0x0000000084f00000|100%| O|  |TAMS 0x0000000084f00000, 0x0000000084e00000| Updating 
|  79|0x0000000084f00000, 0x0000000085000000, 0x0000000085000000|100%| O|  |TAMS 0x0000000085000000, 0x0000000084f00000| Updating 
|  80|0x0000000085000000, 0x0000000085100000, 0x0000000085100000|100%| O|  |TAMS 0x0000000085100000, 0x0000000085000000| Updating 
|  81|0x0000000085100000, 0x0000000085200000, 0x0000000085200000|100%| O|  |TAMS 0x0000000085200000, 0x0000000085100000| Updating 
|  82|0x0000000085200000, 0x0000000085300000, 0x0000000085300000|100%| O|  |TAMS 0x0000000085300000, 0x0000000085200000| Updating 
|  83|0x0000000085300000, 0x0000000085400000, 0x0000000085400000|100%| O|  |TAMS 0x0000000085400000, 0x0000000085300000| Updating 
|  84|0x0000000085400000, 0x0000000085500000, 0x0000000085500000|100%| O|  |TAMS 0x0000000085500000, 0x0000000085400000| Updating 
|  85|0x0000000085500000, 0x0000000085600000, 0x0000000085600000|100%| O|  |TAMS 0x0000000085600000, 0x0000000085500000| Updating 
|  86|0x0000000085600000, 0x0000000085700000, 0x0000000085700000|100%| O|  |TAMS 0x0000000085700000, 0x0000000085600000| Updating 
|  87|0x0000000085700000, 0x0000000085800000, 0x0000000085800000|100%| O|  |TAMS 0x0000000085800000, 0x0000000085700000| Updating 
|  88|0x0000000085800000, 0x0000000085900000, 0x0000000085900000|100%| O|  |TAMS 0x0000000085900000, 0x0000000085800000| Updating 
|  89|0x0000000085900000, 0x0000000085a00000, 0x0000000085a00000|100%| O|  |TAMS 0x0000000085a00000, 0x0000000085900000| Updating 
|  90|0x0000000085a00000, 0x0000000085b00000, 0x0000000085b00000|100%| O|  |TAMS 0x0000000085b00000, 0x0000000085a00000| Updating 
|  91|0x0000000085b00000, 0x0000000085c00000, 0x0000000085c00000|100%| O|  |TAMS 0x0000000085c00000, 0x0000000085b00000| Updating 
|  92|0x0000000085c00000, 0x0000000085d00000, 0x0000000085d00000|100%| O|  |TAMS 0x0000000085d00000, 0x0000000085c00000| Updating 
|  93|0x0000000085d00000, 0x0000000085e00000, 0x0000000085e00000|100%| O|  |TAMS 0x0000000085e00000, 0x0000000085d00000| Updating 
|  94|0x0000000085e00000, 0x0000000085f00000, 0x0000000085f00000|100%| O|  |TAMS 0x0000000085f00000, 0x0000000085e00000| Updating 
|  95|0x0000000085f00000, 0x0000000086000000, 0x0000000086000000|100%| O|  |TAMS 0x0000000086000000, 0x0000000085f00000| Updating 
|  96|0x0000000086000000, 0x0000000086100000, 0x0000000086100000|100%| O|  |TAMS 0x0000000086100000, 0x0000000086000000| Updating 
|  97|0x0000000086100000, 0x0000000086200000, 0x0000000086200000|100%| O|  |TAMS 0x0000000086200000, 0x0000000086100000| Updating 
|  98|0x0000000086200000, 0x0000000086300000, 0x0000000086300000|100%| O|  |TAMS 0x0000000086300000, 0x0000000086200000| Updating 
|  99|0x0000000086300000, 0x0000000086400000, 0x0000000086400000|100%| O|  |TAMS 0x0000000086400000, 0x0000000086300000| Updating 
| 100|0x0000000086400000, 0x0000000086500000, 0x0000000086500000|100%| O|  |TAMS 0x0000000086500000, 0x0000000086400000| Updating 
| 101|0x0000000086500000, 0x0000000086600000, 0x0000000086600000|100%| O|  |TAMS 0x0000000086600000, 0x0000000086500000| Updating 
| 102|0x0000000086600000, 0x0000000086700000, 0x0000000086700000|100%| O|  |TAMS 0x0000000086700000, 0x0000000086600000| Updating 
| 103|0x0000000086700000, 0x0000000086800000, 0x0000000086800000|100%| O|  |TAMS 0x0000000086800000, 0x0000000086700000| Updating 
| 104|0x0000000086800000, 0x0000000086900000, 0x0000000086900000|100%| O|  |TAMS 0x0000000086900000, 0x0000000086800000| Updating 
| 105|0x0000000086900000, 0x0000000086a00000, 0x0000000086a00000|100%| O|  |TAMS 0x0000000086a00000, 0x0000000086900000| Updating 
| 106|0x0000000086a00000, 0x0000000086b00000, 0x0000000086b00000|100%| O|  |TAMS 0x0000000086b00000, 0x0000000086a00000| Updating 
| 107|0x0000000086b00000, 0x0000000086c00000, 0x0000000086c00000|100%| O|  |TAMS 0x0000000086c00000, 0x0000000086b00000| Updating 
| 108|0x0000000086c00000, 0x0000000086d00000, 0x0000000086d00000|100%| O|  |TAMS 0x0000000086d00000, 0x0000000086c00000| Updating 
| 109|0x0000000086d00000, 0x0000000086e00000, 0x0000000086e00000|100%| O|  |TAMS 0x0000000086e00000, 0x0000000086d00000| Updating 
| 110|0x0000000086e00000, 0x0000000086f00000, 0x0000000086f00000|100%| O|  |TAMS 0x0000000086f00000, 0x0000000086e00000| Updating 
| 111|0x0000000086f00000, 0x0000000087000000, 0x0000000087000000|100%| O|  |TAMS 0x0000000087000000, 0x0000000086f00000| Updating 
| 112|0x0000000087000000, 0x0000000087100000, 0x0000000087100000|100%| O|  |TAMS 0x0000000087100000, 0x0000000087000000| Updating 
| 113|0x0000000087100000, 0x0000000087200000, 0x0000000087200000|100%| O|  |TAMS 0x0000000087200000, 0x0000000087100000| Updating 
| 114|0x0000000087200000, 0x0000000087300000, 0x0000000087300000|100%| O|  |TAMS 0x0000000087300000, 0x0000000087200000| Updating 
| 115|0x0000000087300000, 0x0000000087400000, 0x0000000087400000|100%| O|  |TAMS 0x0000000087400000, 0x0000000087300000| Updating 
| 116|0x0000000087400000, 0x0000000087500000, 0x0000000087500000|100%| O|  |TAMS 0x0000000087500000, 0x0000000087400000| Updating 
| 117|0x0000000087500000, 0x0000000087600000, 0x0000000087600000|100%| O|  |TAMS 0x0000000087600000, 0x0000000087500000| Updating 
| 118|0x0000000087600000, 0x0000000087700000, 0x0000000087700000|100%| O|  |TAMS 0x0000000087700000, 0x0000000087600000| Updating 
| 119|0x0000000087700000, 0x0000000087800000, 0x0000000087800000|100%| O|  |TAMS 0x0000000087800000, 0x0000000087700000| Updating 
| 120|0x0000000087800000, 0x0000000087900000, 0x0000000087900000|100%| O|  |TAMS 0x0000000087900000, 0x0000000087800000| Updating 
| 121|0x0000000087900000, 0x0000000087a00000, 0x0000000087a00000|100%| O|  |TAMS 0x0000000087a00000, 0x0000000087900000| Updating 
| 122|0x0000000087a00000, 0x0000000087b00000, 0x0000000087b00000|100%| O|  |TAMS 0x0000000087b00000, 0x0000000087a00000| Updating 
| 123|0x0000000087b00000, 0x0000000087c00000, 0x0000000087c00000|100%| O|  |TAMS 0x0000000087c00000, 0x0000000087b00000| Updating 
| 124|0x0000000087c00000, 0x0000000087d00000, 0x0000000087d00000|100%| O|  |TAMS 0x0000000087d00000, 0x0000000087c00000| Updating 
| 125|0x0000000087d00000, 0x0000000087e00000, 0x0000000087e00000|100%| O|  |TAMS 0x0000000087e00000, 0x0000000087d00000| Updating 
| 126|0x0000000087e00000, 0x0000000087f00000, 0x0000000087f00000|100%| O|  |TAMS 0x0000000087f00000, 0x0000000087e00000| Updating 
| 127|0x0000000087f00000, 0x0000000088000000, 0x0000000088000000|100%| O|  |TAMS 0x0000000088000000, 0x0000000087f00000| Updating 
| 128|0x0000000088000000, 0x0000000088100000, 0x0000000088100000|100%| O|  |TAMS 0x0000000088100000, 0x0000000088000000| Updating 
| 129|0x0000000088100000, 0x0000000088200000, 0x0000000088200000|100%| O|  |TAMS 0x0000000088200000, 0x0000000088100000| Updating 
| 130|0x0000000088200000, 0x0000000088300000, 0x0000000088300000|100%| O|  |TAMS 0x0000000088300000, 0x0000000088200000| Updating 
| 131|0x0000000088300000, 0x0000000088400000, 0x0000000088400000|100%| O|  |TAMS 0x0000000088400000, 0x0000000088300000| Updating 
| 132|0x0000000088400000, 0x0000000088500000, 0x0000000088500000|100%| O|  |TAMS 0x0000000088500000, 0x0000000088400000| Updating 
| 133|0x0000000088500000, 0x0000000088600000, 0x0000000088600000|100%| O|  |TAMS 0x0000000088600000, 0x0000000088500000| Updating 
| 134|0x0000000088600000, 0x0000000088700000, 0x0000000088700000|100%| O|  |TAMS 0x0000000088700000, 0x0000000088600000| Updating 
| 135|0x0000000088700000, 0x0000000088800000, 0x0000000088800000|100%| O|  |TAMS 0x0000000088800000, 0x0000000088700000| Updating 
| 136|0x0000000088800000, 0x0000000088900000, 0x0000000088900000|100%| O|  |TAMS 0x0000000088900000, 0x0000000088800000| Updating 
| 137|0x0000000088900000, 0x0000000088a00000, 0x0000000088a00000|100%| O|  |TAMS 0x0000000088a00000, 0x0000000088900000| Updating 
| 138|0x0000000088a00000, 0x0000000088b00000, 0x0000000088b00000|100%| O|  |TAMS 0x0000000088b00000, 0x0000000088a00000| Updating 
| 139|0x0000000088b00000, 0x0000000088c00000, 0x0000000088c00000|100%| O|  |TAMS 0x0000000088c00000, 0x0000000088b00000| Updating 
| 140|0x0000000088c00000, 0x0000000088d00000, 0x0000000088d00000|100%| O|  |TAMS 0x0000000088d00000, 0x0000000088c00000| Updating 
| 141|0x0000000088d00000, 0x0000000088e00000, 0x0000000088e00000|100%| O|  |TAMS 0x0000000088e00000, 0x0000000088d00000| Updating 
| 142|0x0000000088e00000, 0x0000000088f00000, 0x0000000088f00000|100%| O|  |TAMS 0x0000000088f00000, 0x0000000088e00000| Updating 
| 143|0x0000000088f00000, 0x0000000089000000, 0x0000000089000000|100%| O|  |TAMS 0x0000000089000000, 0x0000000088f00000| Updating 
| 144|0x0000000089000000, 0x0000000089100000, 0x0000000089100000|100%| O|  |TAMS 0x0000000089100000, 0x0000000089000000| Updating 
| 145|0x0000000089100000, 0x0000000089200000, 0x0000000089200000|100%| O|  |TAMS 0x0000000089200000, 0x0000000089100000| Updating 
| 146|0x0000000089200000, 0x0000000089300000, 0x0000000089300000|100%| O|  |TAMS 0x0000000089300000, 0x0000000089200000| Updating 
| 147|0x0000000089300000, 0x0000000089400000, 0x0000000089400000|100%| O|  |TAMS 0x0000000089400000, 0x0000000089300000| Updating 
| 148|0x0000000089400000, 0x0000000089500000, 0x0000000089500000|100%| O|  |TAMS 0x0000000089500000, 0x0000000089400000| Updating 
| 149|0x0000000089500000, 0x0000000089600000, 0x0000000089600000|100%| O|  |TAMS 0x0000000089600000, 0x0000000089500000| Updating 
| 150|0x0000000089600000, 0x0000000089700000, 0x0000000089700000|100%| O|  |TAMS 0x0000000089700000, 0x0000000089600000| Updating 
| 151|0x0000000089700000, 0x0000000089800000, 0x0000000089800000|100%| O|  |TAMS 0x0000000089800000, 0x0000000089700000| Updating 
| 152|0x0000000089800000, 0x0000000089900000, 0x0000000089900000|100%| O|  |TAMS 0x0000000089900000, 0x0000000089800000| Updating 
| 153|0x0000000089900000, 0x0000000089a00000, 0x0000000089a00000|100%| O|  |TAMS 0x0000000089a00000, 0x0000000089900000| Updating 
| 154|0x0000000089a00000, 0x0000000089b00000, 0x0000000089b00000|100%| O|  |TAMS 0x0000000089b00000, 0x0000000089a00000| Updating 
| 155|0x0000000089b00000, 0x0000000089c00000, 0x0000000089c00000|100%| O|  |TAMS 0x0000000089c00000, 0x0000000089b00000| Updating 
| 156|0x0000000089c00000, 0x0000000089d00000, 0x0000000089d00000|100%| O|  |TAMS 0x0000000089d00000, 0x0000000089c00000| Updating 
| 157|0x0000000089d00000, 0x0000000089e00000, 0x0000000089e00000|100%| O|  |TAMS 0x0000000089e00000, 0x0000000089d00000| Updating 
| 158|0x0000000089e00000, 0x0000000089f00000, 0x0000000089f00000|100%| O|  |TAMS 0x0000000089f00000, 0x0000000089e00000| Updating 
| 159|0x0000000089f00000, 0x000000008a000000, 0x000000008a000000|100%| O|  |TAMS 0x000000008a000000, 0x0000000089f00000| Updating 
| 160|0x000000008a000000, 0x000000008a100000, 0x000000008a100000|100%| O|  |TAMS 0x000000008a100000, 0x000000008a000000| Updating 
| 161|0x000000008a100000, 0x000000008a200000, 0x000000008a200000|100%| O|  |TAMS 0x000000008a200000, 0x000000008a100000| Updating 
| 162|0x000000008a200000, 0x000000008a300000, 0x000000008a300000|100%| O|  |TAMS 0x000000008a300000, 0x000000008a200000| Updating 
| 163|0x000000008a300000, 0x000000008a400000, 0x000000008a400000|100%| O|  |TAMS 0x000000008a400000, 0x000000008a300000| Updating 
| 164|0x000000008a400000, 0x000000008a500000, 0x000000008a500000|100%| O|  |TAMS 0x000000008a500000, 0x000000008a400000| Updating 
| 165|0x000000008a500000, 0x000000008a600000, 0x000000008a600000|100%| O|  |TAMS 0x000000008a600000, 0x000000008a500000| Updating 
| 166|0x000000008a600000, 0x000000008a700000, 0x000000008a700000|100%| O|  |TAMS 0x000000008a700000, 0x000000008a600000| Updating 
| 167|0x000000008a700000, 0x000000008a800000, 0x000000008a800000|100%| O|  |TAMS 0x000000008a800000, 0x000000008a700000| Updating 
| 168|0x000000008a800000, 0x000000008a8ef400, 0x000000008a900000| 93%| O|  |TAMS 0x000000008a8ef400, 0x000000008a800000| Updating 
| 169|0x000000008a900000, 0x000000008aa00000, 0x000000008aa00000|100%|HS|  |TAMS 0x000000008aa00000, 0x000000008a900000| Complete 
| 170|0x000000008aa00000, 0x000000008ab00000, 0x000000008ab00000|100%|HS|  |TAMS 0x000000008aa00000, 0x000000008aa00000| Complete 
| 171|0x000000008ab00000, 0x000000008ab00000, 0x000000008ac00000|  0%| F|  |TAMS 0x000000008ab00000, 0x000000008ab00000| Untracked 
| 172|0x000000008ac00000, 0x000000008ac00000, 0x000000008ad00000|  0%| F|  |TAMS 0x000000008ac00000, 0x000000008ac00000| Untracked 
| 173|0x000000008ad00000, 0x000000008ad00000, 0x000000008ae00000|  0%| F|  |TAMS 0x000000008ad00000, 0x000000008ad00000| Untracked 
| 174|0x000000008ae00000, 0x000000008ae00000, 0x000000008af00000|  0%| F|  |TAMS 0x000000008ae00000, 0x000000008ae00000| Untracked 
| 175|0x000000008af00000, 0x000000008af00000, 0x000000008b000000|  0%| F|  |TAMS 0x000000008af00000, 0x000000008af00000| Untracked 
| 176|0x000000008b000000, 0x000000008b000000, 0x000000008b100000|  0%| F|  |TAMS 0x000000008b000000, 0x000000008b000000| Untracked 
| 177|0x000000008b100000, 0x000000008b100000, 0x000000008b200000|  0%| F|  |TAMS 0x000000008b100000, 0x000000008b100000| Untracked 
| 178|0x000000008b200000, 0x000000008b200000, 0x000000008b300000|  0%| F|  |TAMS 0x000000008b200000, 0x000000008b200000| Untracked 
| 179|0x000000008b300000, 0x000000008b300000, 0x000000008b400000|  0%| F|  |TAMS 0x000000008b300000, 0x000000008b300000| Untracked 
| 180|0x000000008b400000, 0x000000008b400000, 0x000000008b500000|  0%| F|  |TAMS 0x000000008b400000, 0x000000008b400000| Untracked 
| 181|0x000000008b500000, 0x000000008b500000, 0x000000008b600000|  0%| F|  |TAMS 0x000000008b500000, 0x000000008b500000| Untracked 
| 182|0x000000008b600000, 0x000000008b600000, 0x000000008b700000|  0%| F|  |TAMS 0x000000008b600000, 0x000000008b600000| Untracked 
| 183|0x000000008b700000, 0x000000008b700000, 0x000000008b800000|  0%| F|  |TAMS 0x000000008b700000, 0x000000008b700000| Untracked 
| 184|0x000000008b800000, 0x000000008b800000, 0x000000008b900000|  0%| F|  |TAMS 0x000000008b800000, 0x000000008b800000| Untracked 
| 185|0x000000008b900000, 0x000000008b900000, 0x000000008ba00000|  0%| F|  |TAMS 0x000000008b900000, 0x000000008b900000| Untracked 
| 186|0x000000008ba00000, 0x000000008ba00000, 0x000000008bb00000|  0%| F|  |TAMS 0x000000008ba00000, 0x000000008ba00000| Untracked 
| 187|0x000000008bb00000, 0x000000008bb00000, 0x000000008bc00000|  0%| F|  |TAMS 0x000000008bb00000, 0x000000008bb00000| Untracked 
| 188|0x000000008bc00000, 0x000000008bc00000, 0x000000008bd00000|  0%| F|  |TAMS 0x000000008bc00000, 0x000000008bc00000| Untracked 
| 189|0x000000008bd00000, 0x000000008bd00000, 0x000000008be00000|  0%| F|  |TAMS 0x000000008bd00000, 0x000000008bd00000| Untracked 
| 190|0x000000008be00000, 0x000000008be00000, 0x000000008bf00000|  0%| F|  |TAMS 0x000000008be00000, 0x000000008be00000| Untracked 
| 191|0x000000008bf00000, 0x000000008bf00000, 0x000000008c000000|  0%| F|  |TAMS 0x000000008bf00000, 0x000000008bf00000| Untracked 
| 192|0x000000008c000000, 0x000000008c000000, 0x000000008c100000|  0%| F|  |TAMS 0x000000008c000000, 0x000000008c000000| Untracked 
| 193|0x000000008c100000, 0x000000008c100000, 0x000000008c200000|  0%| F|  |TAMS 0x000000008c100000, 0x000000008c100000| Untracked 
| 194|0x000000008c200000, 0x000000008c200000, 0x000000008c300000|  0%| F|  |TAMS 0x000000008c200000, 0x000000008c200000| Untracked 
| 195|0x000000008c300000, 0x000000008c300000, 0x000000008c400000|  0%| F|  |TAMS 0x000000008c300000, 0x000000008c300000| Untracked 
| 196|0x000000008c400000, 0x000000008c400000, 0x000000008c500000|  0%| F|  |TAMS 0x000000008c400000, 0x000000008c400000| Untracked 
| 197|0x000000008c500000, 0x000000008c500000, 0x000000008c600000|  0%| F|  |TAMS 0x000000008c500000, 0x000000008c500000| Untracked 
| 198|0x000000008c600000, 0x000000008c600000, 0x000000008c700000|  0%| F|  |TAMS 0x000000008c600000, 0x000000008c600000| Untracked 
| 199|0x000000008c700000, 0x000000008c700000, 0x000000008c800000|  0%| F|  |TAMS 0x000000008c700000, 0x000000008c700000| Untracked 
| 200|0x000000008c800000, 0x000000008c800000, 0x000000008c900000|  0%| F|  |TAMS 0x000000008c800000, 0x000000008c800000| Untracked 
| 201|0x000000008c900000, 0x000000008c900000, 0x000000008ca00000|  0%| F|  |TAMS 0x000000008c900000, 0x000000008c900000| Untracked 
| 202|0x000000008ca00000, 0x000000008ca00000, 0x000000008cb00000|  0%| F|  |TAMS 0x000000008ca00000, 0x000000008ca00000| Untracked 
| 203|0x000000008cb00000, 0x000000008cb00000, 0x000000008cc00000|  0%| F|  |TAMS 0x000000008cb00000, 0x000000008cb00000| Untracked 
| 204|0x000000008cc00000, 0x000000008cc00000, 0x000000008cd00000|  0%| F|  |TAMS 0x000000008cc00000, 0x000000008cc00000| Untracked 
| 205|0x000000008cd00000, 0x000000008cd00000, 0x000000008ce00000|  0%| F|  |TAMS 0x000000008cd00000, 0x000000008cd00000| Untracked 
| 206|0x000000008ce00000, 0x000000008ce00000, 0x000000008cf00000|  0%| F|  |TAMS 0x000000008ce00000, 0x000000008ce00000| Untracked 
| 207|0x000000008cf00000, 0x000000008cf00000, 0x000000008d000000|  0%| F|  |TAMS 0x000000008cf00000, 0x000000008cf00000| Untracked 
| 208|0x000000008d000000, 0x000000008d000000, 0x000000008d100000|  0%| F|  |TAMS 0x000000008d000000, 0x000000008d000000| Untracked 
| 209|0x000000008d100000, 0x000000008d100000, 0x000000008d200000|  0%| F|  |TAMS 0x000000008d100000, 0x000000008d100000| Untracked 
| 210|0x000000008d200000, 0x000000008d200000, 0x000000008d300000|  0%| F|  |TAMS 0x000000008d200000, 0x000000008d200000| Untracked 
| 211|0x000000008d300000, 0x000000008d300000, 0x000000008d400000|  0%| F|  |TAMS 0x000000008d300000, 0x000000008d300000| Untracked 
| 212|0x000000008d400000, 0x000000008d400000, 0x000000008d500000|  0%| F|  |TAMS 0x000000008d400000, 0x000000008d400000| Untracked 
| 213|0x000000008d500000, 0x000000008d500000, 0x000000008d600000|  0%| F|  |TAMS 0x000000008d500000, 0x000000008d500000| Untracked 
| 214|0x000000008d600000, 0x000000008d600000, 0x000000008d700000|  0%| F|  |TAMS 0x000000008d600000, 0x000000008d600000| Untracked 
| 215|0x000000008d700000, 0x000000008d700000, 0x000000008d800000|  0%| F|  |TAMS 0x000000008d700000, 0x000000008d700000| Untracked 
| 216|0x000000008d800000, 0x000000008d800000, 0x000000008d900000|  0%| F|  |TAMS 0x000000008d800000, 0x000000008d800000| Untracked 
| 217|0x000000008d900000, 0x000000008d900000, 0x000000008da00000|  0%| F|  |TAMS 0x000000008d900000, 0x000000008d900000| Untracked 
| 218|0x000000008da00000, 0x000000008da00000, 0x000000008db00000|  0%| F|  |TAMS 0x000000008da00000, 0x000000008da00000| Untracked 
| 219|0x000000008db00000, 0x000000008db00000, 0x000000008dc00000|  0%| F|  |TAMS 0x000000008db00000, 0x000000008db00000| Untracked 
| 220|0x000000008dc00000, 0x000000008dc00000, 0x000000008dd00000|  0%| F|  |TAMS 0x000000008dc00000, 0x000000008dc00000| Untracked 
| 221|0x000000008dd00000, 0x000000008dd00000, 0x000000008de00000|  0%| F|  |TAMS 0x000000008dd00000, 0x000000008dd00000| Untracked 
| 222|0x000000008de00000, 0x000000008de00000, 0x000000008df00000|  0%| F|  |TAMS 0x000000008de00000, 0x000000008de00000| Untracked 
| 223|0x000000008df00000, 0x000000008df00000, 0x000000008e000000|  0%| F|  |TAMS 0x000000008df00000, 0x000000008df00000| Untracked 
| 224|0x000000008e000000, 0x000000008e000000, 0x000000008e100000|  0%| F|  |TAMS 0x000000008e000000, 0x000000008e000000| Untracked 
| 225|0x000000008e100000, 0x000000008e100000, 0x000000008e200000|  0%| F|  |TAMS 0x000000008e100000, 0x000000008e100000| Untracked 
| 226|0x000000008e200000, 0x000000008e200000, 0x000000008e300000|  0%| F|  |TAMS 0x000000008e200000, 0x000000008e200000| Untracked 
| 227|0x000000008e300000, 0x000000008e300000, 0x000000008e400000|  0%| F|  |TAMS 0x000000008e300000, 0x000000008e300000| Untracked 
| 228|0x000000008e400000, 0x000000008e400000, 0x000000008e500000|  0%| F|  |TAMS 0x000000008e400000, 0x000000008e400000| Untracked 
| 229|0x000000008e500000, 0x000000008e500000, 0x000000008e600000|  0%| F|  |TAMS 0x000000008e500000, 0x000000008e500000| Untracked 
| 230|0x000000008e600000, 0x000000008e600000, 0x000000008e700000|  0%| F|  |TAMS 0x000000008e600000, 0x000000008e600000| Untracked 
| 231|0x000000008e700000, 0x000000008e700000, 0x000000008e800000|  0%| F|  |TAMS 0x000000008e700000, 0x000000008e700000| Untracked 
| 232|0x000000008e800000, 0x000000008e800000, 0x000000008e900000|  0%| F|  |TAMS 0x000000008e800000, 0x000000008e800000| Untracked 
| 233|0x000000008e900000, 0x000000008e900000, 0x000000008ea00000|  0%| F|  |TAMS 0x000000008e900000, 0x000000008e900000| Untracked 
| 234|0x000000008ea00000, 0x000000008ea00000, 0x000000008eb00000|  0%| F|  |TAMS 0x000000008ea00000, 0x000000008ea00000| Untracked 
| 235|0x000000008eb00000, 0x000000008eb00000, 0x000000008ec00000|  0%| F|  |TAMS 0x000000008eb00000, 0x000000008eb00000| Untracked 
| 236|0x000000008ec00000, 0x000000008ec00000, 0x000000008ed00000|  0%| F|  |TAMS 0x000000008ec00000, 0x000000008ec00000| Untracked 
| 237|0x000000008ed00000, 0x000000008ed00000, 0x000000008ee00000|  0%| F|  |TAMS 0x000000008ed00000, 0x000000008ed00000| Untracked 
| 238|0x000000008ee00000, 0x000000008ee00000, 0x000000008ef00000|  0%| F|  |TAMS 0x000000008ee00000, 0x000000008ee00000| Untracked 
| 239|0x000000008ef00000, 0x000000008ef00000, 0x000000008f000000|  0%| F|  |TAMS 0x000000008ef00000, 0x000000008ef00000| Untracked 
| 240|0x000000008f000000, 0x000000008f000000, 0x000000008f100000|  0%| F|  |TAMS 0x000000008f000000, 0x000000008f000000| Untracked 
| 241|0x000000008f100000, 0x000000008f100000, 0x000000008f200000|  0%| F|  |TAMS 0x000000008f100000, 0x000000008f100000| Untracked 
| 242|0x000000008f200000, 0x000000008f200000, 0x000000008f300000|  0%| F|  |TAMS 0x000000008f200000, 0x000000008f200000| Untracked 
| 243|0x000000008f300000, 0x000000008f300000, 0x000000008f400000|  0%| F|  |TAMS 0x000000008f300000, 0x000000008f300000| Untracked 
| 244|0x000000008f400000, 0x000000008f400000, 0x000000008f500000|  0%| F|  |TAMS 0x000000008f400000, 0x000000008f400000| Untracked 
| 245|0x000000008f500000, 0x000000008f500000, 0x000000008f600000|  0%| F|  |TAMS 0x000000008f500000, 0x000000008f500000| Untracked 
| 246|0x000000008f600000, 0x000000008f600000, 0x000000008f700000|  0%| F|  |TAMS 0x000000008f600000, 0x000000008f600000| Untracked 
| 247|0x000000008f700000, 0x000000008f700000, 0x000000008f800000|  0%| F|  |TAMS 0x000000008f700000, 0x000000008f700000| Untracked 
| 248|0x000000008f800000, 0x000000008f800000, 0x000000008f900000|  0%| F|  |TAMS 0x000000008f800000, 0x000000008f800000| Untracked 
| 249|0x000000008f900000, 0x000000008f900000, 0x000000008fa00000|  0%| F|  |TAMS 0x000000008f900000, 0x000000008f900000| Untracked 
| 250|0x000000008fa00000, 0x000000008fa00000, 0x000000008fb00000|  0%| F|  |TAMS 0x000000008fa00000, 0x000000008fa00000| Untracked 
| 251|0x000000008fb00000, 0x000000008fb00000, 0x000000008fc00000|  0%| F|  |TAMS 0x000000008fb00000, 0x000000008fb00000| Untracked 
| 252|0x000000008fc00000, 0x000000008fc00000, 0x000000008fd00000|  0%| F|  |TAMS 0x000000008fc00000, 0x000000008fc00000| Untracked 
| 253|0x000000008fd00000, 0x000000008fd00000, 0x000000008fe00000|  0%| F|  |TAMS 0x000000008fd00000, 0x000000008fd00000| Untracked 
| 254|0x000000008fe00000, 0x000000008fe00000, 0x000000008ff00000|  0%| F|  |TAMS 0x000000008fe00000, 0x000000008fe00000| Untracked 
| 255|0x000000008ff00000, 0x000000008ff00000, 0x0000000090000000|  0%| F|  |TAMS 0x000000008ff00000, 0x000000008ff00000| Untracked 
| 256|0x0000000090000000, 0x0000000090000000, 0x0000000090100000|  0%| F|  |TAMS 0x0000000090000000, 0x0000000090000000| Untracked 
| 257|0x0000000090100000, 0x0000000090100000, 0x0000000090200000|  0%| F|  |TAMS 0x0000000090100000, 0x0000000090100000| Untracked 
| 258|0x0000000090200000, 0x0000000090200000, 0x0000000090300000|  0%| F|  |TAMS 0x0000000090200000, 0x0000000090200000| Untracked 
| 259|0x0000000090300000, 0x0000000090300000, 0x0000000090400000|  0%| F|  |TAMS 0x0000000090300000, 0x0000000090300000| Untracked 
| 260|0x0000000090400000, 0x0000000090400000, 0x0000000090500000|  0%| F|  |TAMS 0x0000000090400000, 0x0000000090400000| Untracked 
| 261|0x0000000090500000, 0x0000000090500000, 0x0000000090600000|  0%| F|  |TAMS 0x0000000090500000, 0x0000000090500000| Untracked 
| 262|0x0000000090600000, 0x0000000090600000, 0x0000000090700000|  0%| F|  |TAMS 0x0000000090600000, 0x0000000090600000| Untracked 
| 263|0x0000000090700000, 0x0000000090700000, 0x0000000090800000|  0%| F|  |TAMS 0x0000000090700000, 0x0000000090700000| Untracked 
| 264|0x0000000090800000, 0x0000000090900000, 0x0000000090900000|100%| E|  |TAMS 0x0000000090800000, 0x0000000090800000| Complete 
| 265|0x0000000090900000, 0x0000000090a00000, 0x0000000090a00000|100%| E|CS|TAMS 0x0000000090900000, 0x0000000090900000| Complete 
| 266|0x0000000090a00000, 0x0000000090b00000, 0x0000000090b00000|100%| E|CS|TAMS 0x0000000090a00000, 0x0000000090a00000| Complete 
| 267|0x0000000090b00000, 0x0000000090c00000, 0x0000000090c00000|100%| E|CS|TAMS 0x0000000090b00000, 0x0000000090b00000| Complete 
| 268|0x0000000090c00000, 0x0000000090d00000, 0x0000000090d00000|100%| E|CS|TAMS 0x0000000090c00000, 0x0000000090c00000| Complete 
| 269|0x0000000090d00000, 0x0000000090e00000, 0x0000000090e00000|100%| E|CS|TAMS 0x0000000090d00000, 0x0000000090d00000| Complete 
| 270|0x0000000090e00000, 0x0000000090f00000, 0x0000000090f00000|100%| E|CS|TAMS 0x0000000090e00000, 0x0000000090e00000| Complete 
| 271|0x0000000090f00000, 0x0000000091000000, 0x0000000091000000|100%| E|CS|TAMS 0x0000000090f00000, 0x0000000090f00000| Complete 
| 272|0x0000000091000000, 0x0000000091100000, 0x0000000091100000|100%| E|CS|TAMS 0x0000000091000000, 0x0000000091000000| Complete 
| 273|0x0000000091100000, 0x0000000091200000, 0x0000000091200000|100%| E|CS|TAMS 0x0000000091100000, 0x0000000091100000| Complete 
| 274|0x0000000091200000, 0x0000000091300000, 0x0000000091300000|100%| E|CS|TAMS 0x0000000091200000, 0x0000000091200000| Complete 
| 275|0x0000000091300000, 0x0000000091400000, 0x0000000091400000|100%| E|CS|TAMS 0x0000000091300000, 0x0000000091300000| Complete 
| 276|0x0000000091400000, 0x0000000091500000, 0x0000000091500000|100%| E|CS|TAMS 0x0000000091400000, 0x0000000091400000| Complete 
| 277|0x0000000091500000, 0x0000000091600000, 0x0000000091600000|100%| E|CS|TAMS 0x0000000091500000, 0x0000000091500000| Complete 
| 278|0x0000000091600000, 0x0000000091700000, 0x0000000091700000|100%| E|CS|TAMS 0x0000000091600000, 0x0000000091600000| Complete 
| 279|0x0000000091700000, 0x0000000091800000, 0x0000000091800000|100%| E|CS|TAMS 0x0000000091700000, 0x0000000091700000| Complete 
| 280|0x0000000091800000, 0x0000000091900000, 0x0000000091900000|100%| E|CS|TAMS 0x0000000091800000, 0x0000000091800000| Complete 
| 281|0x0000000091900000, 0x0000000091a00000, 0x0000000091a00000|100%| E|CS|TAMS 0x0000000091900000, 0x0000000091900000| Complete 
| 282|0x0000000091a00000, 0x0000000091b00000, 0x0000000091b00000|100%| E|CS|TAMS 0x0000000091a00000, 0x0000000091a00000| Complete 
| 283|0x0000000091b00000, 0x0000000091c00000, 0x0000000091c00000|100%| E|CS|TAMS 0x0000000091b00000, 0x0000000091b00000| Complete 
| 284|0x0000000091c00000, 0x0000000091d00000, 0x0000000091d00000|100%| E|CS|TAMS 0x0000000091c00000, 0x0000000091c00000| Complete 
| 285|0x0000000091d00000, 0x0000000091e00000, 0x0000000091e00000|100%| E|CS|TAMS 0x0000000091d00000, 0x0000000091d00000| Complete 
| 286|0x0000000091e00000, 0x0000000091f00000, 0x0000000091f00000|100%| E|CS|TAMS 0x0000000091e00000, 0x0000000091e00000| Complete 
| 287|0x0000000091f00000, 0x0000000092000000, 0x0000000092000000|100%| E|CS|TAMS 0x0000000091f00000, 0x0000000091f00000| Complete 
| 288|0x0000000092000000, 0x0000000092100000, 0x0000000092100000|100%| E|CS|TAMS 0x0000000092000000, 0x0000000092000000| Complete 
| 289|0x0000000092100000, 0x0000000092200000, 0x0000000092200000|100%| E|CS|TAMS 0x0000000092100000, 0x0000000092100000| Complete 
| 290|0x0000000092200000, 0x0000000092300000, 0x0000000092300000|100%| E|CS|TAMS 0x0000000092200000, 0x0000000092200000| Complete 
| 291|0x0000000092300000, 0x0000000092400000, 0x0000000092400000|100%| E|CS|TAMS 0x0000000092300000, 0x0000000092300000| Complete 
| 292|0x0000000092400000, 0x0000000092500000, 0x0000000092500000|100%| E|CS|TAMS 0x0000000092400000, 0x0000000092400000| Complete 
| 293|0x0000000092500000, 0x0000000092600000, 0x0000000092600000|100%| E|CS|TAMS 0x0000000092500000, 0x0000000092500000| Complete 
| 294|0x0000000092600000, 0x0000000092700000, 0x0000000092700000|100%| E|CS|TAMS 0x0000000092600000, 0x0000000092600000| Complete 
| 295|0x0000000092700000, 0x0000000092800000, 0x0000000092800000|100%| E|CS|TAMS 0x0000000092700000, 0x0000000092700000| Complete 
| 296|0x0000000092800000, 0x0000000092900000, 0x0000000092900000|100%| E|CS|TAMS 0x0000000092800000, 0x0000000092800000| Complete 
| 297|0x0000000092900000, 0x0000000092a00000, 0x0000000092a00000|100%| E|CS|TAMS 0x0000000092900000, 0x0000000092900000| Complete 
| 298|0x0000000092a00000, 0x0000000092b00000, 0x0000000092b00000|100%| E|CS|TAMS 0x0000000092a00000, 0x0000000092a00000| Complete 
| 299|0x0000000092b00000, 0x0000000092c00000, 0x0000000092c00000|100%| E|CS|TAMS 0x0000000092b00000, 0x0000000092b00000| Complete 
| 300|0x0000000092c00000, 0x0000000092d00000, 0x0000000092d00000|100%| E|CS|TAMS 0x0000000092c00000, 0x0000000092c00000| Complete 
| 301|0x0000000092d00000, 0x0000000092e00000, 0x0000000092e00000|100%| E|CS|TAMS 0x0000000092d00000, 0x0000000092d00000| Complete 
| 302|0x0000000092e00000, 0x0000000092f00000, 0x0000000092f00000|100%| E|CS|TAMS 0x0000000092e00000, 0x0000000092e00000| Complete 
| 303|0x0000000092f00000, 0x0000000093000000, 0x0000000093000000|100%| E|CS|TAMS 0x0000000092f00000, 0x0000000092f00000| Complete 
| 304|0x0000000093000000, 0x0000000093100000, 0x0000000093100000|100%| E|CS|TAMS 0x0000000093000000, 0x0000000093000000| Complete 
| 305|0x0000000093100000, 0x0000000093200000, 0x0000000093200000|100%| E|CS|TAMS 0x0000000093100000, 0x0000000093100000| Complete 
| 306|0x0000000093200000, 0x0000000093300000, 0x0000000093300000|100%| E|CS|TAMS 0x0000000093200000, 0x0000000093200000| Complete 
| 307|0x0000000093300000, 0x0000000093400000, 0x0000000093400000|100%| E|CS|TAMS 0x0000000093300000, 0x0000000093300000| Complete 
| 308|0x0000000093400000, 0x0000000093500000, 0x0000000093500000|100%| E|CS|TAMS 0x0000000093400000, 0x0000000093400000| Complete 
| 309|0x0000000093500000, 0x0000000093600000, 0x0000000093600000|100%| E|CS|TAMS 0x0000000093500000, 0x0000000093500000| Complete 
| 310|0x0000000093600000, 0x0000000093700000, 0x0000000093700000|100%| E|  |TAMS 0x0000000093600000, 0x0000000093600000| Complete 
| 311|0x0000000093700000, 0x0000000093800000, 0x0000000093800000|100%| E|CS|TAMS 0x0000000093700000, 0x0000000093700000| Complete 
| 312|0x0000000093800000, 0x0000000093900000, 0x0000000093900000|100%| E|CS|TAMS 0x0000000093800000, 0x0000000093800000| Complete 
| 313|0x0000000093900000, 0x0000000093a00000, 0x0000000093a00000|100%| E|CS|TAMS 0x0000000093900000, 0x0000000093900000| Complete 
| 314|0x0000000093a00000, 0x0000000093b00000, 0x0000000093b00000|100%| E|CS|TAMS 0x0000000093a00000, 0x0000000093a00000| Complete 
| 315|0x0000000093b00000, 0x0000000093c00000, 0x0000000093c00000|100%| E|CS|TAMS 0x0000000093b00000, 0x0000000093b00000| Complete 
| 316|0x0000000093c00000, 0x0000000093d00000, 0x0000000093d00000|100%| E|CS|TAMS 0x0000000093c00000, 0x0000000093c00000| Complete 
| 317|0x0000000093d00000, 0x0000000093e00000, 0x0000000093e00000|100%| E|CS|TAMS 0x0000000093d00000, 0x0000000093d00000| Complete 
| 318|0x0000000093e00000, 0x0000000093f00000, 0x0000000093f00000|100%| E|CS|TAMS 0x0000000093e00000, 0x0000000093e00000| Complete 
| 319|0x0000000093f00000, 0x0000000094000000, 0x0000000094000000|100%| E|CS|TAMS 0x0000000093f00000, 0x0000000093f00000| Complete 
| 320|0x0000000094000000, 0x0000000094100000, 0x0000000094100000|100%| E|CS|TAMS 0x0000000094000000, 0x0000000094000000| Complete 
| 321|0x0000000094100000, 0x0000000094200000, 0x0000000094200000|100%| E|CS|TAMS 0x0000000094100000, 0x0000000094100000| Complete 
| 322|0x0000000094200000, 0x0000000094300000, 0x0000000094300000|100%| E|CS|TAMS 0x0000000094200000, 0x0000000094200000| Complete 
| 323|0x0000000094300000, 0x0000000094400000, 0x0000000094400000|100%| E|CS|TAMS 0x0000000094300000, 0x0000000094300000| Complete 
| 324|0x0000000094400000, 0x0000000094500000, 0x0000000094500000|100%| E|CS|TAMS 0x0000000094400000, 0x0000000094400000| Complete 
| 325|0x0000000094500000, 0x0000000094600000, 0x0000000094600000|100%| E|CS|TAMS 0x0000000094500000, 0x0000000094500000| Complete 
| 326|0x0000000094600000, 0x0000000094700000, 0x0000000094700000|100%| E|CS|TAMS 0x0000000094600000, 0x0000000094600000| Complete 
| 327|0x0000000094700000, 0x0000000094800000, 0x0000000094800000|100%| S|CS|TAMS 0x0000000094700000, 0x0000000094700000| Complete 
| 328|0x0000000094800000, 0x0000000094900000, 0x0000000094900000|100%| S|CS|TAMS 0x0000000094800000, 0x0000000094800000| Complete 
| 329|0x0000000094900000, 0x0000000094a00000, 0x0000000094a00000|100%| S|CS|TAMS 0x0000000094900000, 0x0000000094900000| Complete 
| 330|0x0000000094a00000, 0x0000000094b00000, 0x0000000094b00000|100%| S|CS|TAMS 0x0000000094a00000, 0x0000000094a00000| Complete 
| 331|0x0000000094b00000, 0x0000000094c00000, 0x0000000094c00000|100%| S|CS|TAMS 0x0000000094b00000, 0x0000000094b00000| Complete 
| 332|0x0000000094c00000, 0x0000000094d00000, 0x0000000094d00000|100%| S|CS|TAMS 0x0000000094c00000, 0x0000000094c00000| Complete 
| 333|0x0000000094d00000, 0x0000000094e00000, 0x0000000094e00000|100%| S|CS|TAMS 0x0000000094d00000, 0x0000000094d00000| Complete 
| 334|0x0000000094e00000, 0x0000000094f00000, 0x0000000094f00000|100%| S|CS|TAMS 0x0000000094e00000, 0x0000000094e00000| Complete 
| 335|0x0000000094f00000, 0x0000000095000000, 0x0000000095000000|100%| S|CS|TAMS 0x0000000094f00000, 0x0000000094f00000| Complete 
| 336|0x0000000095000000, 0x0000000095100000, 0x0000000095100000|100%| S|CS|TAMS 0x0000000095000000, 0x0000000095000000| Complete 
| 337|0x0000000095100000, 0x0000000095200000, 0x0000000095200000|100%| E|CS|TAMS 0x0000000095100000, 0x0000000095100000| Complete 
| 338|0x0000000095200000, 0x0000000095300000, 0x0000000095300000|100%| E|CS|TAMS 0x0000000095200000, 0x0000000095200000| Complete 
| 339|0x0000000095300000, 0x0000000095400000, 0x0000000095400000|100%| E|CS|TAMS 0x0000000095300000, 0x0000000095300000| Complete 
| 340|0x0000000095400000, 0x0000000095500000, 0x0000000095500000|100%| E|CS|TAMS 0x0000000095400000, 0x0000000095400000| Complete 
| 341|0x0000000095500000, 0x0000000095600000, 0x0000000095600000|100%| E|CS|TAMS 0x0000000095500000, 0x0000000095500000| Complete 
| 342|0x0000000095600000, 0x0000000095700000, 0x0000000095700000|100%| E|CS|TAMS 0x0000000095600000, 0x0000000095600000| Complete 
| 343|0x0000000095700000, 0x0000000095800000, 0x0000000095800000|100%| E|CS|TAMS 0x0000000095700000, 0x0000000095700000| Complete 
| 344|0x0000000095800000, 0x0000000095900000, 0x0000000095900000|100%| E|CS|TAMS 0x0000000095800000, 0x0000000095800000| Complete 
| 345|0x0000000095900000, 0x0000000095a00000, 0x0000000095a00000|100%| E|CS|TAMS 0x0000000095900000, 0x0000000095900000| Complete 
| 346|0x0000000095a00000, 0x0000000095b00000, 0x0000000095b00000|100%| E|CS|TAMS 0x0000000095a00000, 0x0000000095a00000| Complete 
| 347|0x0000000095b00000, 0x0000000095c00000, 0x0000000095c00000|100%| E|CS|TAMS 0x0000000095b00000, 0x0000000095b00000| Complete 
| 348|0x0000000095c00000, 0x0000000095d00000, 0x0000000095d00000|100%| E|CS|TAMS 0x0000000095c00000, 0x0000000095c00000| Complete 
| 349|0x0000000095d00000, 0x0000000095e00000, 0x0000000095e00000|100%| E|CS|TAMS 0x0000000095d00000, 0x0000000095d00000| Complete 
| 350|0x0000000095e00000, 0x0000000095f00000, 0x0000000095f00000|100%| E|CS|TAMS 0x0000000095e00000, 0x0000000095e00000| Complete 
| 351|0x0000000095f00000, 0x0000000096000000, 0x0000000096000000|100%| E|CS|TAMS 0x0000000095f00000, 0x0000000095f00000| Complete 
| 352|0x0000000096000000, 0x0000000096100000, 0x0000000096100000|100%| E|CS|TAMS 0x0000000096000000, 0x0000000096000000| Complete 
| 353|0x0000000096100000, 0x0000000096200000, 0x0000000096200000|100%| E|CS|TAMS 0x0000000096100000, 0x0000000096100000| Complete 
| 354|0x0000000096200000, 0x0000000096300000, 0x0000000096300000|100%| E|CS|TAMS 0x0000000096200000, 0x0000000096200000| Complete 
| 355|0x0000000096300000, 0x0000000096400000, 0x0000000096400000|100%| E|CS|TAMS 0x0000000096300000, 0x0000000096300000| Complete 
| 356|0x0000000096400000, 0x0000000096500000, 0x0000000096500000|100%| E|CS|TAMS 0x0000000096400000, 0x0000000096400000| Complete 
| 357|0x0000000096500000, 0x0000000096600000, 0x0000000096600000|100%| E|CS|TAMS 0x0000000096500000, 0x0000000096500000| Complete 
| 358|0x0000000096600000, 0x0000000096700000, 0x0000000096700000|100%| E|CS|TAMS 0x0000000096600000, 0x0000000096600000| Complete 
| 359|0x0000000096700000, 0x0000000096800000, 0x0000000096800000|100%| E|CS|TAMS 0x0000000096700000, 0x0000000096700000| Complete 
| 360|0x0000000096800000, 0x0000000096900000, 0x0000000096900000|100%| E|CS|TAMS 0x0000000096800000, 0x0000000096800000| Complete 
| 361|0x0000000096900000, 0x0000000096a00000, 0x0000000096a00000|100%| E|CS|TAMS 0x0000000096900000, 0x0000000096900000| Complete 
| 362|0x0000000096a00000, 0x0000000096b00000, 0x0000000096b00000|100%| E|CS|TAMS 0x0000000096a00000, 0x0000000096a00000| Complete 
| 363|0x0000000096b00000, 0x0000000096c00000, 0x0000000096c00000|100%| E|CS|TAMS 0x0000000096b00000, 0x0000000096b00000| Complete 
| 364|0x0000000096c00000, 0x0000000096d00000, 0x0000000096d00000|100%| E|CS|TAMS 0x0000000096c00000, 0x0000000096c00000| Complete 
| 365|0x0000000096d00000, 0x0000000096e00000, 0x0000000096e00000|100%| E|CS|TAMS 0x0000000096d00000, 0x0000000096d00000| Complete 
| 366|0x0000000096e00000, 0x0000000096f00000, 0x0000000096f00000|100%| E|CS|TAMS 0x0000000096e00000, 0x0000000096e00000| Complete 
| 367|0x0000000096f00000, 0x0000000097000000, 0x0000000097000000|100%| E|CS|TAMS 0x0000000096f00000, 0x0000000096f00000| Complete 
| 368|0x0000000097000000, 0x0000000097100000, 0x0000000097100000|100%| E|CS|TAMS 0x0000000097000000, 0x0000000097000000| Complete 
| 369|0x0000000097100000, 0x0000000097200000, 0x0000000097200000|100%| E|CS|TAMS 0x0000000097100000, 0x0000000097100000| Complete 
| 370|0x0000000097200000, 0x0000000097300000, 0x0000000097300000|100%| E|CS|TAMS 0x0000000097200000, 0x0000000097200000| Complete 
| 371|0x0000000097300000, 0x0000000097400000, 0x0000000097400000|100%| E|CS|TAMS 0x0000000097300000, 0x0000000097300000| Complete 
| 372|0x0000000097400000, 0x0000000097500000, 0x0000000097500000|100%| E|CS|TAMS 0x0000000097400000, 0x0000000097400000| Complete 
| 373|0x0000000097500000, 0x0000000097600000, 0x0000000097600000|100%| E|CS|TAMS 0x0000000097500000, 0x0000000097500000| Complete 
| 374|0x0000000097600000, 0x0000000097700000, 0x0000000097700000|100%| E|CS|TAMS 0x0000000097600000, 0x0000000097600000| Complete 
| 375|0x0000000097700000, 0x0000000097800000, 0x0000000097800000|100%| E|CS|TAMS 0x0000000097700000, 0x0000000097700000| Complete 
| 376|0x0000000097800000, 0x0000000097900000, 0x0000000097900000|100%| E|CS|TAMS 0x0000000097800000, 0x0000000097800000| Complete 

Card table byte_map: [0x0000016afc9e0000,0x0000016afcde0000] _byte_map_base: 0x0000016afc5e0000

Marking Bits (Prev, Next): (CMBitMap*) 0x0000016afa5f2118, (CMBitMap*) 0x0000016afa5f2158
 Prev Bits: [0x0000016afd1e0000, 0x0000016aff1e0000)
 Next Bits: [0x0000016a97430000, 0x0000016a99430000)

Polling page: 0x0000016afa690000

Metaspace:

Usage:
  Non-class:    112.28 MB capacity,   109.91 MB ( 98%) used,     1.94 MB (  2%) free+waste,   436.25 KB ( <1%) overhead. 
      Class:     17.09 MB capacity,    15.73 MB ( 92%) used,     1.17 MB (  7%) free+waste,   191.38 KB (  1%) overhead. 
       Both:    129.37 MB capacity,   125.64 MB ( 97%) used,     3.12 MB (  2%) free+waste,   627.63 KB ( <1%) overhead. 

Virtual space:
  Non-class space:      114.00 MB reserved,     112.50 MB ( 99%) committed 
      Class space:        1.00 GB reserved,      17.13 MB (  2%) committed 
             Both:        1.11 GB reserved,     129.63 MB ( 11%) committed 

Chunk freelists:
   Non-Class:  32.00 KB
       Class:  39.00 KB
        Both:  71.00 KB

MaxMetaspaceSize: 17179869184.00 GB
CompressedClassSpaceSize: 1.00 GB

CodeHeap 'non-profiled nmethods': size=120000Kb used=10254Kb max_used=10254Kb free=109745Kb
 bounds [0x0000016a8ff00000, 0x0000016a90920000, 0x0000016a97430000]
CodeHeap 'profiled nmethods': size=120000Kb used=46385Kb max_used=47129Kb free=73614Kb
 bounds [0x0000016a889d0000, 0x0000016a8b7f0000, 0x0000016a8ff00000]
CodeHeap 'non-nmethods': size=5760Kb used=2508Kb max_used=2571Kb free=3252Kb
 bounds [0x0000016a88430000, 0x0000016a886c0000, 0x0000016a889d0000]
 total_blobs=29471 nmethods=19298 adapters=916
 compilation: enabled
              stopped_count=0, restarted_count=0
 full_count=0

Compilation events (20 events):
Event: 858.316 Thread 0x0000016aff7ff800 23844       2       com.android.tools.r8.internal.Kh::entrySet (4 bytes)
Event: 858.317 Thread 0x0000016aff7ff800 nmethod 23844 0x0000016a8ad39990 code [0x0000016a8ad39b20, 0x0000016a8ad39c98]
Event: 858.332 Thread 0x0000016aff7ff800 23845       2       com.android.tools.r8.internal.qr::b (142 bytes)
Event: 858.334 Thread 0x0000016aff7ff800 nmethod 23845 0x0000016a8ae0e290 code [0x0000016a8ae0e4c0, 0x0000016a8ae0ed70]
Event: 858.336 Thread 0x0000016aff7ff800 23846       2       com.android.tools.r8.internal.qr::a (141 bytes)
Event: 858.338 Thread 0x0000016aff7ff800 nmethod 23846 0x0000016a8a071710 code [0x0000016a8a071940, 0x0000016a8a0721f0]
Event: 858.355 Thread 0x0000016aff7ff800 23847       2       com.android.tools.r8.graph.E$b::hashCode (15 bytes)
Event: 858.356 Thread 0x0000016aff7ff800 nmethod 23847 0x0000016a89119990 code [0x0000016a89119b60, 0x0000016a89119ec0]
Event: 858.357 Thread 0x0000016aff7ff800 23848       2       com.android.tools.r8.graph.E$b::j (6 bytes)
Event: 858.357 Thread 0x0000016aff7ff800 nmethod 23848 0x0000016a8ad56190 code [0x0000016a8ad56320, 0x0000016a8ad56498]
Event: 858.357 Thread 0x0000016aff7ff800 23849       2       com.android.tools.r8.internal.ue::a (21 bytes)
Event: 858.357 Thread 0x0000016aff7ff800 nmethod 23849 0x0000016a88f91210 code [0x0000016a88f913c0, 0x0000016a88f91610]
Event: 858.425 Thread 0x0000016aff7ff800 23851       2       com.android.tools.r8.graph.j0$b::<init> (33 bytes)
Event: 858.425 Thread 0x0000016aff7ff800 nmethod 23851 0x0000016a89119510 code [0x0000016a891196c0, 0x0000016a891198d8]
Event: 858.473 Thread 0x0000016aff7ff800 23852       2       com.android.tools.r8.graph.j0$b::<init> (10 bytes)
Event: 858.473 Thread 0x0000016aff7ff800 nmethod 23852 0x0000016a89d56310 code [0x0000016a89d564c0, 0x0000016a89d56718]
Event: 858.487 Thread 0x0000016aff7ff800 23853       2       com.android.tools.r8.graph.j0$c::i (36 bytes)
Event: 858.487 Thread 0x0000016aff7ff800 nmethod 23853 0x0000016a89d55e90 code [0x0000016a89d56040, 0x0000016a89d56250]
Event: 858.570 Thread 0x0000016aff7ff800 23855       2       com.android.tools.r8.graph.j0$q::i (9 bytes)
Event: 858.571 Thread 0x0000016aff7ff800 nmethod 23855 0x0000016a89d55910 code [0x0000016a89d55ac0, 0x0000016a89d55cd0]

GC Heap History (20 events):
Event: 849.867 GC heap before
{Heap before GC invocations=70 (full 0):
 garbage-first heap   total 386048K, used 310199K [0x0000000080000000, 0x0000000100000000)
  region size 1024K, 134 young (137216K), 3 survivors (3072K)
 Metaspace       used 128418K, capacity 132238K, committed 132480K, reserved 1165312K
  class space    used 16100K, capacity 17492K, committed 17536K, reserved 1048576K
}
Event: 849.878 GC heap after
{Heap after GC invocations=71 (full 0):
 garbage-first heap   total 386048K, used 175226K [0x0000000080000000, 0x0000000100000000)
  region size 1024K, 3 young (3072K), 3 survivors (3072K)
 Metaspace       used 128418K, capacity 132238K, committed 132480K, reserved 1165312K
  class space    used 16100K, capacity 17492K, committed 17536K, reserved 1048576K
}
Event: 850.633 GC heap before
{Heap before GC invocations=71 (full 0):
 garbage-first heap   total 386048K, used 312442K [0x0000000080000000, 0x0000000100000000)
  region size 1024K, 137 young (140288K), 3 survivors (3072K)
 Metaspace       used 128457K, capacity 132305K, committed 132480K, reserved 1165312K
  class space    used 16100K, capacity 17492K, committed 17536K, reserved 1048576K
}
Event: 850.647 GC heap after
{Heap after GC invocations=72 (full 0):
 garbage-first heap   total 386048K, used 175512K [0x0000000080000000, 0x0000000100000000)
  region size 1024K, 3 young (3072K), 3 survivors (3072K)
 Metaspace       used 128457K, capacity 132305K, committed 132480K, reserved 1165312K
  class space    used 16100K, capacity 17492K, committed 17536K, reserved 1048576K
}
Event: 851.440 GC heap before
{Heap before GC invocations=72 (full 0):
 garbage-first heap   total 386048K, used 321944K [0x0000000080000000, 0x0000000100000000)
  region size 1024K, 146 young (149504K), 3 survivors (3072K)
 Metaspace       used 128476K, capacity 132306K, committed 132480K, reserved 1165312K
  class space    used 16100K, capacity 17492K, committed 17536K, reserved 1048576K
}
Event: 851.461 GC heap after
{Heap after GC invocations=73 (full 0):
 garbage-first heap   total 386048K, used 176061K [0x0000000080000000, 0x0000000100000000)
  region size 1024K, 3 young (3072K), 3 survivors (3072K)
 Metaspace       used 128476K, capacity 132306K, committed 132480K, reserved 1165312K
  class space    used 16100K, capacity 17492K, committed 17536K, reserved 1048576K
}
Event: 852.301 GC heap before
{Heap before GC invocations=73 (full 0):
 garbage-first heap   total 386048K, used 323517K [0x0000000080000000, 0x0000000100000000)
  region size 1024K, 147 young (150528K), 3 survivors (3072K)
 Metaspace       used 128495K, capacity 132307K, committed 132480K, reserved 1165312K
  class space    used 16100K, capacity 17492K, committed 17536K, reserved 1048576K
}
Event: 852.323 GC heap after
{Heap after GC invocations=74 (full 0):
 garbage-first heap   total 386048K, used 176754K [0x0000000080000000, 0x0000000100000000)
  region size 1024K, 4 young (4096K), 4 survivors (4096K)
 Metaspace       used 128495K, capacity 132307K, committed 132480K, reserved 1165312K
  class space    used 16100K, capacity 17492K, committed 17536K, reserved 1048576K
}
Event: 853.484 GC heap before
{Heap before GC invocations=74 (full 0):
 garbage-first heap   total 386048K, used 325234K [0x0000000080000000, 0x0000000100000000)
  region size 1024K, 149 young (152576K), 4 survivors (4096K)
 Metaspace       used 128505K, capacity 132315K, committed 132480K, reserved 1165312K
  class space    used 16101K, capacity 17495K, committed 17536K, reserved 1048576K
}
Event: 853.505 GC heap after
{Heap after GC invocations=75 (full 0):
 garbage-first heap   total 386048K, used 177930K [0x0000000080000000, 0x0000000100000000)
  region size 1024K, 5 young (5120K), 5 survivors (5120K)
 Metaspace       used 128505K, capacity 132315K, committed 132480K, reserved 1165312K
  class space    used 16101K, capacity 17495K, committed 17536K, reserved 1048576K
}
Event: 854.645 GC heap before
{Heap before GC invocations=75 (full 0):
 garbage-first heap   total 386048K, used 327434K [0x0000000080000000, 0x0000000100000000)
  region size 1024K, 151 young (154624K), 5 survivors (5120K)
 Metaspace       used 128512K, capacity 132379K, committed 132480K, reserved 1165312K
  class space    used 16101K, capacity 17495K, committed 17536K, reserved 1048576K
}
Event: 854.668 GC heap after
{Heap after GC invocations=76 (full 0):
 garbage-first heap   total 386048K, used 178316K [0x0000000080000000, 0x0000000100000000)
  region size 1024K, 6 young (6144K), 6 survivors (6144K)
 Metaspace       used 128512K, capacity 132379K, committed 132480K, reserved 1165312K
  class space    used 16101K, capacity 17495K, committed 17536K, reserved 1048576K
}
Event: 855.559 GC heap before
{Heap before GC invocations=76 (full 0):
 garbage-first heap   total 386048K, used 329868K [0x0000000080000000, 0x0000000100000000)
  region size 1024K, 154 young (157696K), 6 survivors (6144K)
 Metaspace       used 128520K, capacity 132379K, committed 132480K, reserved 1165312K
  class space    used 16101K, capacity 17495K, committed 17536K, reserved 1048576K
}
Event: 855.590 GC heap after
{Heap after GC invocations=77 (full 0):
 garbage-first heap   total 386048K, used 179052K [0x0000000080000000, 0x0000000100000000)
  region size 1024K, 6 young (6144K), 6 survivors (6144K)
 Metaspace       used 128520K, capacity 132379K, committed 132480K, reserved 1165312K
  class space    used 16101K, capacity 17495K, committed 17536K, reserved 1048576K
}
Event: 856.363 GC heap before
{Heap before GC invocations=77 (full 0):
 garbage-first heap   total 386048K, used 334700K [0x0000000080000000, 0x0000000100000000)
  region size 1024K, 158 young (161792K), 6 survivors (6144K)
 Metaspace       used 128528K, capacity 132379K, committed 132480K, reserved 1165312K
  class space    used 16101K, capacity 17495K, committed 17536K, reserved 1048576K
}
Event: 856.391 GC heap after
{Heap after GC invocations=78 (full 0):
 garbage-first heap   total 386048K, used 180157K [0x0000000080000000, 0x0000000100000000)
  region size 1024K, 7 young (7168K), 7 survivors (7168K)
 Metaspace       used 128528K, capacity 132379K, committed 132480K, reserved 1165312K
  class space    used 16101K, capacity 17495K, committed 17536K, reserved 1048576K
}
Event: 857.476 GC heap before
{Heap before GC invocations=78 (full 0):
 garbage-first heap   total 386048K, used 336829K [0x0000000080000000, 0x0000000100000000)
  region size 1024K, 159 young (162816K), 7 survivors (7168K)
 Metaspace       used 128626K, capacity 132466K, committed 132736K, reserved 1165312K
  class space    used 16102K, capacity 17496K, committed 17536K, reserved 1048576K
}
Event: 857.512 GC heap after
{Heap after GC invocations=79 (full 0):
 garbage-first heap   total 386048K, used 180465K [0x0000000080000000, 0x0000000100000000)
  region size 1024K, 8 young (8192K), 8 survivors (8192K)
 Metaspace       used 128626K, capacity 132466K, committed 132736K, reserved 1165312K
  class space    used 16102K, capacity 17496K, committed 17536K, reserved 1048576K
}
Event: 857.785 GC heap before
{Heap before GC invocations=79 (full 0):
 garbage-first heap   total 386048K, used 220401K [0x0000000080000000, 0x0000000100000000)
  region size 1024K, 48 young (49152K), 8 survivors (8192K)
 Metaspace       used 128636K, capacity 132470K, committed 132736K, reserved 1165312K
  class space    used 16102K, capacity 17497K, committed 17536K, reserved 1048576K
}
Event: 857.817 GC heap after
{Heap after GC invocations=80 (full 0):
 garbage-first heap   total 386048K, used 184253K [0x0000000080000000, 0x0000000100000000)
  region size 1024K, 10 young (10240K), 10 survivors (10240K)
 Metaspace       used 128636K, capacity 132470K, committed 132736K, reserved 1165312K
  class space    used 16102K, capacity 17497K, committed 17536K, reserved 1048576K
}

Deoptimization events (20 events):
Event: 858.500 Thread 0x0000016a9da0f800 DEOPT PACKING pc=0x0000016a8b18e460 sp=0x00000050486f8ee0
Event: 858.500 Thread 0x0000016a9da0f800 DEOPT UNPACKING pc=0x0000016a8847964e sp=0x00000050486f8388 mode 0
Event: 858.503 Thread 0x0000016a9da0f800 DEOPT PACKING pc=0x0000016a8b1c36a9 sp=0x00000050486f8ec0
Event: 858.503 Thread 0x0000016a9da0f800 DEOPT UNPACKING pc=0x0000016a8847964e sp=0x00000050486f8680 mode 0
Event: 858.511 Thread 0x0000016a9da0e000 DEOPT PACKING pc=0x0000016a8b55b7b5 sp=0x00000050484f9400
Event: 858.511 Thread 0x0000016a9da0e000 DEOPT UNPACKING pc=0x0000016a8847964e sp=0x00000050484f8910 mode 0
Event: 858.514 Thread 0x0000016a9da0f800 DEOPT PACKING pc=0x0000016a8b55e7ea sp=0x00000050486f96b0
Event: 858.514 Thread 0x0000016a9da0f800 DEOPT UNPACKING pc=0x0000016a8847964e sp=0x00000050486f8c18 mode 0
Event: 858.514 Thread 0x0000016a9da0e000 DEOPT PACKING pc=0x0000016a8af334c5 sp=0x00000050484f8d50
Event: 858.514 Thread 0x0000016a9da0e000 DEOPT UNPACKING pc=0x0000016a8847964e sp=0x00000050484f8308 mode 0
Event: 858.514 Thread 0x0000016a9da0e000 DEOPT PACKING pc=0x0000016a8b1433c1 sp=0x00000050484f90f0
Event: 858.514 Thread 0x0000016a9da0e000 DEOPT UNPACKING pc=0x0000016a8847964e sp=0x00000050484f88a0 mode 0
Event: 858.519 Thread 0x0000016a9d914000 DEOPT PACKING pc=0x0000016a8b628416 sp=0x00000050490f5ac0
Event: 858.519 Thread 0x0000016a9d914000 DEOPT UNPACKING pc=0x0000016a8847964e sp=0x00000050490f4fc8 mode 0
Event: 858.522 Thread 0x0000016a9da0e000 DEOPT PACKING pc=0x0000016a8b355a02 sp=0x00000050484f94d0
Event: 858.522 Thread 0x0000016a9da0e000 DEOPT UNPACKING pc=0x0000016a8847964e sp=0x00000050484f8b58 mode 0
Event: 858.537 Thread 0x0000016a9d914000 DEOPT PACKING pc=0x0000016a8b581400 sp=0x00000050490f6120
Event: 858.537 Thread 0x0000016a9d914000 DEOPT UNPACKING pc=0x0000016a8847964e sp=0x00000050490f55d8 mode 0
Event: 858.546 Thread 0x0000016a9d914000 DEOPT PACKING pc=0x0000016a8b069ee9 sp=0x00000050490f6370
Event: 858.546 Thread 0x0000016a9d914000 DEOPT UNPACKING pc=0x0000016a8847964e sp=0x00000050490f5c28 mode 0

Classes unloaded (20 events):
Event: 844.709 Thread 0x0000016afa682000 Unloading class 0x0000000801adb040 'com/android/tools/r8/internal/q5$$Lambda$1443'
Event: 844.709 Thread 0x0000016afa682000 Unloading class 0x0000000801adc440 'com/android/tools/r8/internal/q5$$Lambda$1441'
Event: 844.709 Thread 0x0000016afa682000 Unloading class 0x0000000801adc040 'com/android/tools/r8/internal/q5$$Lambda$1440'
Event: 844.709 Thread 0x0000016afa682000 Unloading class 0x0000000801adc840 'com/android/tools/r8/internal/o9$$Lambda$1438'
Event: 844.709 Thread 0x0000016afa682000 Unloading class 0x0000000801add040 'com/android/tools/r8/internal/EE$$Lambda$1435'
Event: 844.709 Thread 0x0000016afa682000 Unloading class 0x0000000801ade440 'com/android/tools/r8/graph/B0$$Lambda$1433'
Event: 844.709 Thread 0x0000016afa682000 Unloading class 0x0000000801ade040 'com/android/tools/r8/dex/a$a$$Lambda$1431'
Event: 844.709 Thread 0x0000016afa682000 Unloading class 0x0000000801ade840 'com/android/tools/r8/dex/a$a$$Lambda$1429'
Event: 844.709 Thread 0x0000016afa682000 Unloading class 0x0000000801adf040 'com/android/tools/r8/D8$$Lambda$1427'
Event: 844.709 Thread 0x0000016afa682000 Unloading class 0x0000000801adf840 'com/android/tools/r8/D8$$Lambda$1425'
Event: 844.709 Thread 0x0000016afa682000 Unloading class 0x0000000801ad9440 'com/android/tools/r8/BaseCommand$Builder$$Lambda$1422'
Event: 844.709 Thread 0x0000016afa682000 Unloading class 0x0000000801ad9040 'com/android/tools/r8/BaseCommand$Builder$$Lambda$1421'
Event: 844.709 Thread 0x0000016afa682000 Unloading class 0x0000000801ad8840 'com/android/builder/dexing/D8DexArchiveBuilder$$Lambda$1419'
Event: 844.709 Thread 0x0000016afa682000 Unloading class 0x0000000801ad8040 'com/android/tools/r8/BaseCommand$Builder$$Lambda$1414'
Event: 844.709 Thread 0x0000016afa682000 Unloading class 0x0000000801ace440 'com/android/tools/r8/BaseCommand$Builder$$Lambda$1417'
Event: 844.709 Thread 0x0000016afa682000 Unloading class 0x0000000801ace040 'com/android/tools/r8/BaseCommand$Builder$$Lambda$1416'
Event: 844.709 Thread 0x0000016afa682000 Unloading class 0x0000000801ace840 'com/android/builder/dexing/D8DexArchiveBuilder$$Lambda$1413'
Event: 844.709 Thread 0x0000016afa682000 Unloading class 0x0000000801acf440 'com/android/builder/dexing/D8DexArchiveBuilder$$Lambda$1412'
Event: 844.709 Thread 0x0000016afa682000 Unloading class 0x0000000801acf040 'com/android/builder/dexing/D8DexArchiveBuilder$$Lambda$1411'
Event: 844.709 Thread 0x0000016afa682000 Unloading class 0x0000000801acdc40 'com/android/tools/r8/BaseCompilerCommand$Builder$$Lambda$1408'

Classes redefined (0 events):
No events

Internal exceptions (20 events):
Event: 841.698 Thread 0x0000016a9da10800 Exception <a 'sun/nio/fs/WindowsException'{0x000000008fe06de0}> (0x000000008fe06de0) 
thrown [t:/workspace/open/src/hotspot/share/prims/jni.cpp, line 598]
Event: 841.899 Thread 0x0000016a9da0f800 Exception <a 'sun/nio/fs/WindowsException'{0x000000008e833ea0}> (0x000000008e833ea0) 
thrown [t:/workspace/open/src/hotspot/share/prims/jni.cpp, line 598]
Event: 841.973 Thread 0x0000016a9da10800 Exception <a 'sun/nio/fs/WindowsException'{0x000000008de46db8}> (0x000000008de46db8) 
thrown [t:/workspace/open/src/hotspot/share/prims/jni.cpp, line 598]
Event: 847.154 Thread 0x0000016a9da10800 Exception <a 'sun/nio/fs/WindowsException'{0x0000000096726b28}> (0x0000000096726b28) 
thrown [t:/workspace/open/src/hotspot/share/prims/jni.cpp, line 598]
Event: 847.237 Thread 0x0000016a9da0e000 Exception <a 'sun/nio/fs/WindowsException'{0x0000000095526958}> (0x0000000095526958) 
thrown [t:/workspace/open/src/hotspot/share/prims/jni.cpp, line 598]
Event: 847.291 Thread 0x0000016a9da10800 Exception <a 'sun/nio/fs/WindowsException'{0x0000000094d0ddc0}> (0x0000000094d0ddc0) 
thrown [t:/workspace/open/src/hotspot/share/prims/jni.cpp, line 598]
Event: 847.361 Thread 0x0000016a9da0e000 Exception <a 'sun/nio/fs/WindowsException'{0x00000000940f9038}> (0x00000000940f9038) 
thrown [t:/workspace/open/src/hotspot/share/prims/jni.cpp, line 598]
Event: 848.092 Thread 0x0000016a9da0f800 Exception <a 'java/lang/NoSuchMethodError'{0x0000000096a4f928}: 'int java.lang.invoke.DirectMethodHandle$Holder.invokeInterface(java.lang.Object, java.lang.Object, int)'> (0x0000000096a4f928) 
thrown [t:/workspace/open/src/hotspot/share/interpreter/linkResolver.cpp, line 767]
Event: 848.992 Thread 0x0000016a9da10800 Exception <a 'sun/nio/fs/WindowsException'{0x00000000978850c8}> (0x00000000978850c8) 
thrown [t:/workspace/open/src/hotspot/share/prims/jni.cpp, line 598]
Event: 852.042 Thread 0x0000016a9d914000 Implicit null exception at 0x0000016a905cb090 to 0x0000016a905d01d2
Event: 853.967 Thread 0x0000016a9d914000 Implicit null exception at 0x0000016a908dd230 to 0x0000016a908e2ada
Event: 856.902 Thread 0x0000016a9da0e000 Exception <a 'sun/nio/fs/WindowsException'{0x0000000093c60750}> (0x0000000093c60750) 
thrown [t:/workspace/open/src/hotspot/share/prims/jni.cpp, line 598]
Event: 856.937 Thread 0x0000016a9da0f800 Implicit null exception at 0x0000016a908f942c to 0x0000016a908ff516
Event: 857.037 Thread 0x0000016a9da0e000 Exception <a 'sun/nio/fs/WindowsException'{0x0000000093152c50}> (0x0000000093152c50) 
thrown [t:/workspace/open/src/hotspot/share/prims/jni.cpp, line 598]
Event: 857.041 Thread 0x0000016a9da10800 Exception <a 'sun/nio/fs/WindowsException'{0x0000000092e9c9d8}> (0x0000000092e9c9d8) 
thrown [t:/workspace/open/src/hotspot/share/prims/jni.cpp, line 598]
Event: 857.465 Thread 0x0000016a9da10800 Exception <a 'sun/nio/fs/WindowsException'{0x000000008e2a0670}> (0x000000008e2a0670) 
thrown [t:/workspace/open/src/hotspot/share/prims/jni.cpp, line 598]
Event: 857.578 Thread 0x0000016a9da0e000 Exception <a 'sun/nio/fs/WindowsException'{0x0000000096da4a10}> (0x0000000096da4a10) 
thrown [t:/workspace/open/src/hotspot/share/prims/jni.cpp, line 598]
Event: 857.744 Thread 0x0000016a9da0e000 Exception <a 'sun/nio/fs/WindowsException'{0x000000009575a8f8}> (0x000000009575a8f8) 
thrown [t:/workspace/open/src/hotspot/share/prims/jni.cpp, line 598]
Event: 857.979 Thread 0x0000016a9d914000 Implicit null exception at 0x0000016a909079f7 to 0x0000016a9090b092
Event: 858.217 Thread 0x0000016a9da10800 Exception <a 'sun/nio/fs/WindowsException'{0x00000000934cb730}> (0x00000000934cb730) 
thrown [t:/workspace/open/src/hotspot/share/prims/jni.cpp, line 598]

Events (20 events):
Event: 853.508 Executing VM operation: G1CollectForAllocation done
Event: 854.645 Executing VM operation: G1CollectForAllocation
Event: 854.675 Executing VM operation: G1CollectForAllocation done
Event: 855.559 Executing VM operation: G1CollectForAllocation
Event: 855.595 Executing VM operation: G1CollectForAllocation done
Event: 856.363 Executing VM operation: G1CollectForAllocation
Event: 856.392 Executing VM operation: G1CollectForAllocation done
Event: 857.116 loading class com/android/tools/r8/internal/Nv
Event: 857.116 loading class com/android/tools/r8/internal/Nv done
Event: 857.476 Executing VM operation: G1CollectForAllocation
Event: 857.513 Executing VM operation: G1CollectForAllocation done
Event: 857.615 loading class com/android/tools/r8/code/G0
Event: 857.615 loading class com/android/tools/r8/code/G0 done
Event: 857.615 loading class com/android/tools/r8/code/G0
Event: 857.615 loading class com/android/tools/r8/code/G0 done
Event: 857.785 Executing VM operation: G1CollectForAllocation
Event: 857.817 Executing VM operation: G1CollectForAllocation done
Event: 858.003 loading class com/android/tools/r8/internal/Oj
Event: 858.003 loading class com/android/tools/r8/internal/Oj done
Event: 858.572 Executing VM operation: G1Concurrent


Dynamic libraries:
0x00007ff7c8690000 - 0x00007ff7c869d000 	C:\Program Files\Java\jdk-13.0.2\bin\java.exe
0x00007ffacfaf0000 - 0x00007ffacfce5000 	C:\WINDOWS\SYSTEM32\ntdll.dll
0x00007fface240000 - 0x00007fface2fe000 	C:\WINDOWS\System32\KERNEL32.DLL
0x00007ffacd3f0000 - 0x00007ffacd6b8000 	C:\WINDOWS\System32\KERNELBASE.dll
0x00007ffacd200000 - 0x00007ffacd300000 	C:\WINDOWS\System32\ucrtbase.dll
0x00007ffac5a80000 - 0x00007ffac5a98000 	C:\Program Files\Java\jdk-13.0.2\bin\jli.dll
0x00007ffaba190000 - 0x00007ffaba1a5000 	C:\Program Files\Java\jdk-13.0.2\bin\VCRUNTIME140.dll
0x00007ffacf910000 - 0x00007ffacfab0000 	C:\WINDOWS\System32\USER32.dll
0x00007ffacd8b0000 - 0x00007ffacd8d2000 	C:\WINDOWS\System32\win32u.dll
0x00007ffabb070000 - 0x00007ffabb30a000 	C:\WINDOWS\WinSxS\amd64_microsoft.windows.common-controls_6595b64144ccf1df_6.0.19041.1110_none_60b5254171f9507e\COMCTL32.dll
0x00007ffacdc50000 - 0x00007ffacdc7b000 	C:\WINDOWS\System32\GDI32.dll
0x00007fface180000 - 0x00007fface21e000 	C:\WINDOWS\System32\msvcrt.dll
0x00007ffacda00000 - 0x00007ffacdb0d000 	C:\WINDOWS\System32\gdi32full.dll
0x00007ffacd300000 - 0x00007ffacd39d000 	C:\WINDOWS\System32\msvcp_win.dll
0x00007ffacf3e0000 - 0x00007ffacf410000 	C:\WINDOWS\System32\IMM32.DLL
0x00007ffa940d0000 - 0x00007ffa9416b000 	C:\Program Files\Java\jdk-13.0.2\bin\msvcp140.dll
0x00007ffa86f40000 - 0x00007ffa87a9d000 	C:\Program Files\Java\jdk-13.0.2\bin\server\jvm.dll
0x00007ffacdb40000 - 0x00007ffacdbee000 	C:\WINDOWS\System32\ADVAPI32.dll
0x00007ffaceb30000 - 0x00007ffacebcc000 	C:\WINDOWS\System32\sechost.dll
0x00007ffacecf0000 - 0x00007ffacee15000 	C:\WINDOWS\System32\RPCRT4.dll
0x00007ffacef50000 - 0x00007ffacef58000 	C:\WINDOWS\System32\PSAPI.DLL
0x00007ffab0f70000 - 0x00007ffab0f79000 	C:\WINDOWS\SYSTEM32\WSOCK32.dll
0x00007ffab6cf0000 - 0x00007ffab6d17000 	C:\WINDOWS\SYSTEM32\WINMM.dll
0x00007ffac6020000 - 0x00007ffac602a000 	C:\WINDOWS\SYSTEM32\VERSION.dll
0x00007ffacebd0000 - 0x00007ffacec3b000 	C:\WINDOWS\System32\WS2_32.dll
0x00007ffacba80000 - 0x00007ffacba92000 	C:\WINDOWS\SYSTEM32\kernel.appcore.dll
0x00007ffac7580000 - 0x00007ffac7590000 	C:\Program Files\Java\jdk-13.0.2\bin\verify.dll
0x00007ffacb7b0000 - 0x00007ffacb994000 	C:\WINDOWS\SYSTEM32\DBGHELP.DLL
0x00007ffab52b0000 - 0x00007ffab52dc000 	C:\WINDOWS\SYSTEM32\dbgcore.DLL
0x00007ffacd820000 - 0x00007ffacd8a2000 	C:\WINDOWS\System32\bcryptPrimitives.dll
0x00007ffab3c10000 - 0x00007ffab3c36000 	C:\Program Files\Java\jdk-13.0.2\bin\java.dll
0x00007ffab9b10000 - 0x00007ffab9b27000 	C:\Program Files\Java\jdk-13.0.2\bin\zip.dll
0x00007ffac7220000 - 0x00007ffac722a000 	C:\Program Files\Java\jdk-13.0.2\bin\jimage.dll
0x00007fface360000 - 0x00007ffaceaa4000 	C:\WINDOWS\System32\SHELL32.dll
0x00007ffacaf40000 - 0x00007ffacb6d4000 	C:\WINDOWS\SYSTEM32\windows.storage.dll
0x00007ffacf080000 - 0x00007ffacf3d5000 	C:\WINDOWS\System32\combase.dll
0x00007ffaccc50000 - 0x00007ffaccc7e000 	C:\WINDOWS\SYSTEM32\Wldp.dll
0x00007ffacf860000 - 0x00007ffacf90d000 	C:\WINDOWS\System32\SHCORE.dll
0x00007ffacdc90000 - 0x00007ffacdce5000 	C:\WINDOWS\System32\shlwapi.dll
0x00007ffacd140000 - 0x00007ffacd15f000 	C:\WINDOWS\SYSTEM32\profapi.dll
0x00007ffab3ad0000 - 0x00007ffab3ae9000 	C:\Program Files\Java\jdk-13.0.2\bin\net.dll
0x00007ffaba4d0000 - 0x00007ffaba5dc000 	C:\WINDOWS\SYSTEM32\WINHTTP.dll
0x00007ffacc940000 - 0x00007ffacc9aa000 	C:\WINDOWS\system32\mswsock.dll
0x00007ffab38b0000 - 0x00007ffab38c3000 	C:\Program Files\Java\jdk-13.0.2\bin\nio.dll
0x00007ffac5ba0000 - 0x00007ffac5bc7000 	C:\Users\ASUS\.gradle\native\8bec1ad78214c89d9ad589b4d07fe93259594b29d510b10fafb7a158f7737e5d\windows-amd64\native-platform.dll
0x00007ffa92b30000 - 0x00007ffa92c6d000 	C:\Users\ASUS\.gradle\native\53dbd7edfb1c66fb8903c78663c9afc45aea4f116125fa6feffd364cf09443e8\windows-amd64\native-platform-file-events.dll
0x00007ffac5b20000 - 0x00007ffac5b29000 	C:\Program Files\Java\jdk-13.0.2\bin\management.dll
0x00007ffabfe70000 - 0x00007ffabfe7b000 	C:\Program Files\Java\jdk-13.0.2\bin\management_ext.dll
0x00007ffaccb30000 - 0x00007ffaccb48000 	C:\WINDOWS\SYSTEM32\CRYPTSP.dll
0x00007ffacc260000 - 0x00007ffacc294000 	C:\WINDOWS\system32\rsaenh.dll
0x00007ffacdb10000 - 0x00007ffacdb37000 	C:\WINDOWS\System32\bcrypt.dll
0x00007ffacd100000 - 0x00007ffacd12e000 	C:\WINDOWS\SYSTEM32\USERENV.dll
0x00007ffaccb50000 - 0x00007ffaccb5c000 	C:\WINDOWS\SYSTEM32\CRYPTBASE.dll
0x00007ffacc630000 - 0x00007ffacc66b000 	C:\WINDOWS\SYSTEM32\IPHLPAPI.DLL
0x00007ffacdc80000 - 0x00007ffacdc88000 	C:\WINDOWS\System32\NSI.dll
0x00007ffabf520000 - 0x00007ffabf537000 	C:\WINDOWS\SYSTEM32\dhcpcsvc6.DLL
0x00007ffac3990000 - 0x00007ffac39ad000 	C:\WINDOWS\SYSTEM32\dhcpcsvc.DLL
0x00007ffacc670000 - 0x00007ffacc73b000 	C:\WINDOWS\SYSTEM32\DNSAPI.dll
0x00007ffaaf530000 - 0x00007ffaaf555000 	C:\Program Files\Java\jdk-13.0.2\bin\sunec.dll
0x00007ffabf590000 - 0x00007ffabf59e000 	C:\Program Files\Java\jdk-13.0.2\bin\sunmscapi.dll
0x00007ffacd6c0000 - 0x00007ffacd816000 	C:\WINDOWS\System32\CRYPT32.dll
0x00007ffacccc0000 - 0x00007ffaccce7000 	C:\WINDOWS\SYSTEM32\ncrypt.dll
0x00007ffaccc80000 - 0x00007ffacccbb000 	C:\WINDOWS\SYSTEM32\NTASN1.dll
0x00007ffab8670000 - 0x00007ffab867a000 	C:\Windows\System32\rasadhlp.dll
0x00007ffaba240000 - 0x00007ffaba2bf000 	C:\WINDOWS\System32\fwpuclnt.dll

dbghelp: loaded successfully - version: 4.0.5 - missing functions: none
symbol engine: initialized successfully - sym options: 0x614 - pdb path: .;C:\Program Files\Java\jdk-13.0.2\bin;C:\WINDOWS\SYSTEM32;C:\WINDOWS\WinSxS\amd64_microsoft.windows.common-controls_6595b64144ccf1df_6.0.19041.1110_none_60b5254171f9507e;C:\Program Files\Java\jdk-13.0.2\bin\server;C:\Users\ASUS\.gradle\native\8bec1ad78214c89d9ad589b4d07fe93259594b29d510b10fafb7a158f7737e5d\windows-amd64;C:\Users\ASUS\.gradle\native\53dbd7edfb1c66fb8903c78663c9afc45aea4f116125fa6feffd364cf09443e8\windows-amd64

VM Arguments:
jvm_args: --add-opens=java.base/java.util=ALL-UNNAMED --add-opens=java.base/java.lang=ALL-UNNAMED --add-opens=java.base/java.lang.invoke=ALL-UNNAMED --add-opens=java.base/java.util=ALL-UNNAMED --add-opens=java.prefs/java.util.prefs=ALL-UNNAMED --add-opens=java.prefs/java.util.prefs=ALL-UNNAMED --add-opens=java.base/java.nio.charset=ALL-UNNAMED --add-opens=java.base/java.net=ALL-UNNAMED --add-opens=java.base/java.util.concurrent.atomic=ALL-UNNAMED -Xmx2048m -Dfile.encoding=UTF-8 -Duser.country=ID -Duser.language=en -Duser.variant 
java_command: org.gradle.launcher.daemon.bootstrap.GradleDaemon 7.0.2
java_class_path (initial): C:\Users\ASUS\.gradle\wrapper\dists\gradle-7.0.2-bin\857tjihv64xamwrf0h14cai3r\gradle-7.0.2\lib\gradle-launcher-7.0.2.jar
Launcher Type: SUN_STANDARD

[Global flags]
     intx CICompilerCount                          = 3                                         {product} {ergonomic}
     uint ConcGCThreads                            = 1                                         {product} {ergonomic}
     uint G1ConcRefinementThreads                  = 4                                         {product} {ergonomic}
   size_t G1HeapRegionSize                         = 1048576                                   {product} {ergonomic}
    uintx GCDrainStackTargetSize                   = 64                                        {product} {ergonomic}
   size_t InitialHeapSize                          = 67108864                                  {product} {ergonomic}
   size_t MarkStackSize                            = 4194304                                   {product} {ergonomic}
   size_t MaxHeapSize                              = 2147483648                                {product} {command line}
   size_t MaxNewSize                               = 1287651328                                {product} {ergonomic}
   size_t MinHeapDeltaBytes                        = 1048576                                   {product} {ergonomic}
   size_t MinHeapSize                              = 8388608                                   {product} {ergonomic}
    uintx NonNMethodCodeHeapSize                   = 5832780                                {pd product} {ergonomic}
    uintx NonProfiledCodeHeapSize                  = 122912730                              {pd product} {ergonomic}
    uintx ProfiledCodeHeapSize                     = 122912730                              {pd product} {ergonomic}
    uintx ReservedCodeCacheSize                    = 251658240                              {pd product} {ergonomic}
     bool SegmentedCodeCache                       = true                                      {product} {ergonomic}
   size_t SoftMaxHeapSize                          = 2147483648                             {manageable} {ergonomic}
     bool UseCompressedClassPointers               = true                                 {lp64_product} {ergonomic}
     bool UseCompressedOops                        = true                                 {lp64_product} {ergonomic}
     bool UseG1GC                                  = true                                      {product} {ergonomic}
     bool UseLargePagesIndividualAllocation        = false                                  {pd product} {ergonomic}

Logging:
Log output configuration:
 #0: stdout all=warning uptime,level,tags
 #1: stderr all=off uptime,level,tags

Environment Variables:
JAVA_HOME=C:\Program Files\Java\jdk-13.0.2
PATH=C:\Program Files\Common Files\Oracle\Java\javapath;C:\Program Files (x86)\Common Files\Oracle\Java\javapath;C:\Program Files (x86)\Common Files\Intel\Shared Files\cpp\bin\Intel64;C:\Windows\system32;C:\Windows;C:\Windows\System32\Wbem;C:\Windows\System32\WindowsPowerShell\v1.0\;C:\Windows\System32\OpenSSH\;C:\Program Files (x86)\NVIDIA Corporation\PhysX\Common;C:\Program Files\Intel\WiFi\bin\;C:\Program Files\Common Files\Intel\WirelessCommon\;C:\WINDOWS\system32;C:\WINDOWS;C:\WINDOWS\System32\Wbem;C:\WINDOWS\System32\WindowsPowerShell\v1.0\;C:\WINDOWS\System32\OpenSSH\;C:\Program Files\Microsoft SQL Server\130\Tools\Binn\;C:\Program Files\Microsoft SQL Server\Client SDK\ODBC\170\Tools\Binn\;C:\Program Files (x86)\Git\cmd;C:\Program Files\Java\jdk-13.0.2\bin;C:\xampp\php;C:\ProgramData\ComposerSetup\bin;C:\Program Files\dotnet\;C:\Program Files\Microsoft SQL Server\150\Tools\Binn\;D:\;C:\Users\ASUS\AppData\Local\Programs\Python\Python38-32\Scripts\;C:\Users\ASUS\AppData\Local\Programs\Python\Python38-32\;C:\Users\ASUS\AppData\Local\Microsoft\WindowsApps;C:\Users\ASUS\AppData\Local\Programs\Microsoft VS Code\bin;C:\Users\ASUS\AppData\Roaming\Composer\vendor\bin;C:\new xampp\php;C:\Users\ASUS\.dotnet\tools;C:\Users\ASUS\AppData\Roaming\npm
USERNAME=ASUS
OS=Windows_NT
PROCESSOR_IDENTIFIER=Intel64 Family 6 Model 142 Stepping 9, GenuineIntel



---------------  S Y S T E M  ---------------

OS: Windows 10 , 64 bit Build 19041 (10.0.19041.1503)

CPU:total 4 (initial active 4) (2 cores per cpu, 2 threads per core) family 6 model 142 stepping 9, cmov, cx8, fxsr, mmx, sse, sse2, sse3, ssse3, sse4.1, sse4.2, popcnt, avx, avx2, aes, clmul, erms, 3dnowpref, lzcnt, ht, tsc, tscinvbit, bmi1, bmi2, adx, fma

Memory: 4k page, system-wide physical 3978M (274M free)
TotalPageFile size 16266M (AvailPageFile size 60M)
current process WorkingSet (physical memory assigned to process): 529M, peak: 643M
current process commit charge ("private bytes"): 830M, peak: 928M

vm_info: OpenJDK 64-Bit Server VM (13.0.2+8) for windows-amd64 JRE (13.0.2+8), built on Dec 11 2019 09:20:05 by "mach5one" with unknown MS VC++:1916

END.
